Using pre-set license
Built from '2022.3/release' branch; Version is '2022.3.12f1 (4fe6e059c7ef) revision 5236448'; Using compiler version '192829333'; Build Type 'Release'
OS: 'Windows 11  (10.0.22000) 64bit Core' Language: 'en' Physical Memory: 16197 MB
BatchMode: 1, IsHumanControllingUs: 0, StartBugReporterOnCrash: 0, Is64bit: 1, IsPro: 1

COMMAND LINE ARGUMENTS:
C:\Program Files\Unity\Hub\Editor\2022.3.12f1\Editor\Unity.exe
-adb2
-batchMode
-noUpm
-name
AssetImportWorker7
-projectPath
C:/Users/xpeis/Documents/GitHub/drone-safety-sim
-logFile
Logs/AssetImportWorker7.log
-srvPort
51026
Successfully changed project path to: C:/Users/xpeis/Documents/GitHub/drone-safety-sim
C:/Users/xpeis/Documents/GitHub/drone-safety-sim
[UnityMemory] Configuration Parameters - Can be set up in boot.config
    "memorysetup-bucket-allocator-granularity=16"
    "memorysetup-bucket-allocator-bucket-count=8"
    "memorysetup-bucket-allocator-block-size=33554432"
    "memorysetup-bucket-allocator-block-count=8"
    "memorysetup-main-allocator-block-size=16777216"
    "memorysetup-thread-allocator-block-size=16777216"
    "memorysetup-gfx-main-allocator-block-size=16777216"
    "memorysetup-gfx-thread-allocator-block-size=16777216"
    "memorysetup-cache-allocator-block-size=4194304"
    "memorysetup-typetree-allocator-block-size=2097152"
    "memorysetup-profiler-bucket-allocator-granularity=16"
    "memorysetup-profiler-bucket-allocator-bucket-count=8"
    "memorysetup-profiler-bucket-allocator-block-size=33554432"
    "memorysetup-profiler-bucket-allocator-block-count=8"
    "memorysetup-profiler-allocator-block-size=16777216"
    "memorysetup-profiler-editor-allocator-block-size=1048576"
    "memorysetup-temp-allocator-size-main=16777216"
    "memorysetup-job-temp-allocator-block-size=2097152"
    "memorysetup-job-temp-allocator-block-size-background=1048576"
    "memorysetup-job-temp-allocator-reduction-small-platforms=262144"
    "memorysetup-allocator-temp-initial-block-size-main=262144"
    "memorysetup-allocator-temp-initial-block-size-worker=262144"
    "memorysetup-temp-allocator-size-background-worker=32768"
    "memorysetup-temp-allocator-size-job-worker=262144"
    "memorysetup-temp-allocator-size-preload-manager=33554432"
    "memorysetup-temp-allocator-size-nav-mesh-worker=65536"
    "memorysetup-temp-allocator-size-audio-worker=65536"
    "memorysetup-temp-allocator-size-cloud-worker=32768"
    "memorysetup-temp-allocator-size-gi-baking-worker=262144"
    "memorysetup-temp-allocator-size-gfx=262144"
Player connection [24900] Host "[IP] 10.244.68.120 [Port] 0 [Flags] 2 [Guid] 1580572465 [EditorId] 1580572465 [Version] 1048832 [Id] WindowsEditor(7,NUS-CREATE-HCI) [Debug] 1 [PackageName] WindowsEditor [ProjectName] Editor" joined multi-casting on [225.0.0.222:54997]...

Player connection [24900] Host "[IP] 10.244.68.120 [Port] 0 [Flags] 2 [Guid] 1580572465 [EditorId] 1580572465 [Version] 1048832 [Id] WindowsEditor(7,NUS-CREATE-HCI) [Debug] 1 [PackageName] WindowsEditor [ProjectName] Editor" joined alternative multi-casting on [225.0.0.222:34997]...

[Physics::Module] Initialized MultithreadedJobDispatcher with 15 workers.
Refreshing native plugins compatible for Editor in 37.23 ms, found 12 plugins.
Preloading 0 native plugins for Editor in 0.00 ms.
Initialize engine version: 2022.3.12f1 (4fe6e059c7ef)
[Subsystems] Discovering subsystems at path C:/Program Files/Unity/Hub/Editor/2022.3.12f1/Editor/Data/Resources/UnitySubsystems
[Subsystems] Discovering subsystems at path C:/Users/xpeis/Documents/GitHub/drone-safety-sim/Assets
GfxDevice: creating device client; threaded=0; jobified=0
Direct3D:
    Version:  Direct3D 11.0 [level 11.1]
    Renderer: NVIDIA GeForce RTX 3080 (ID=0x2216)
    Vendor:   NVIDIA
    VRAM:     10078 MB
    Driver:   31.0.15.2225
Initialize mono
Mono path[0] = 'C:/Program Files/Unity/Hub/Editor/2022.3.12f1/Editor/Data/Managed'
Mono path[1] = 'C:/Program Files/Unity/Hub/Editor/2022.3.12f1/Editor/Data/MonoBleedingEdge/lib/mono/unityjit-win32'
Mono config path = 'C:/Program Files/Unity/Hub/Editor/2022.3.12f1/Editor/Data/MonoBleedingEdge/etc'
Using monoOptions --debugger-agent=transport=dt_socket,embedding=1,server=y,suspend=n,address=127.0.0.1:56680
Begin MonoManager ReloadAssembly
Registering precompiled unity dll's ...
Register platform support module: C:/Program Files/Unity/Hub/Editor/2022.3.12f1/Editor/Data/PlaybackEngines/AndroidPlayer/UnityEditor.Android.Extensions.dll
Register platform support module: C:/Program Files/Unity/Hub/Editor/2022.3.12f1/Editor/Data/PlaybackEngines/WindowsStandaloneSupport/UnityEditor.WindowsStandalone.Extensions.dll
Registered in 0.006690 seconds.
- Loaded All Assemblies, in  0.426 seconds
Native extension for WindowsStandalone target not found
Native extension for Android target not found
Android Extension - Scanning For ADB Devices 386 ms
Mono: successfully reloaded assembly
- Finished resetting the current domain, in  0.764 seconds
Domain Reload Profiling: 1189ms
	BeginReloadAssembly (115ms)
		ExecutionOrderSort (0ms)
		DisableScriptedObjects (0ms)
		BackupInstance (0ms)
		ReleaseScriptingObjects (0ms)
		CreateAndSetChildDomain (1ms)
	RebuildCommonClasses (40ms)
	RebuildNativeTypeToScriptingClass (14ms)
	initialDomainReloadingComplete (63ms)
	LoadAllAssembliesAndSetupDomain (192ms)
		LoadAssemblies (110ms)
		RebuildTransferFunctionScriptingTraits (0ms)
		AnalyzeDomain (190ms)
			TypeCache.Refresh (189ms)
				TypeCache.ScanAssembly (172ms)
			ScanForSourceGeneratedMonoScriptInfo (0ms)
			ResolveRequiredComponents (0ms)
	FinalizeReload (765ms)
		ReleaseScriptCaches (0ms)
		RebuildScriptCaches (0ms)
		SetupLoadedEditorAssemblies (691ms)
			LogAssemblyErrors (0ms)
			InitializePlatformSupportModulesInManaged (514ms)
			SetLoadedEditorAssemblies (5ms)
			RefreshPlugins (0ms)
			BeforeProcessingInitializeOnLoad (2ms)
			ProcessInitializeOnLoadAttributes (115ms)
			ProcessInitializeOnLoadMethodAttributes (55ms)
			AfterProcessingInitializeOnLoad (0ms)
			EditorAssembliesLoaded (0ms)
		ExecutionOrderSort2 (0ms)
		AwakeInstancesAfterBackupRestoration (0ms)
========================================================================
Worker process is ready to serve import requests
Begin MonoManager ReloadAssembly
Symbol file LoadedFromMemory is not a mono symbol file
- Loaded All Assemblies, in  1.904 seconds
Refreshing native plugins compatible for Editor in 20.69 ms, found 12 plugins.
Native extension for WindowsStandalone target not found
Native extension for Android target not found
Package Manager log level set to [2]
[Package Manager] Server::EnsureServerProcessIsRunning -- launch failed, reason: Unity was launched with the -noUpm command-line argument
[Package Manager] UpmClient::Send -- Unable to send message (not connected to UPM process).
[Package Manager] Cannot connect to Unity Package Manager local server
[Package Manager] Server::EnsureServerProcessIsRunning -- launch failed, reason: Unity was launched with the -noUpm command-line argument
[Package Manager] UpmClient::Send -- Unable to send message (not connected to UPM process).
[Package Manager] Cannot connect to Unity Package Manager local server
Mono: successfully reloaded assembly
[Package Manager] Server::EnsureServerProcessIsRunning -- launch failed, reason: Unity was launched with the -noUpm command-line argument
[Package Manager] UpmClient::Send -- Unable to send message (not connected to UPM process).
[Package Manager] Cannot connect to Unity Package Manager local server
[Package Manager] Server::EnsureServerProcessIsRunning -- launch failed, reason: Unity was launched with the -noUpm command-line argument
[Package Manager] UpmClient::Send -- Unable to send message (not connected to UPM process).
[Package Manager] Cannot connect to Unity Package Manager local server
- Finished resetting the current domain, in  1.400 seconds
Domain Reload Profiling: 3299ms
	BeginReloadAssembly (196ms)
		ExecutionOrderSort (0ms)
		DisableScriptedObjects (8ms)
		BackupInstance (0ms)
		ReleaseScriptingObjects (0ms)
		CreateAndSetChildDomain (26ms)
	RebuildCommonClasses (65ms)
	RebuildNativeTypeToScriptingClass (16ms)
	initialDomainReloadingComplete (58ms)
	LoadAllAssembliesAndSetupDomain (1562ms)
		LoadAssemblies (1190ms)
		RebuildTransferFunctionScriptingTraits (0ms)
		AnalyzeDomain (481ms)
			TypeCache.Refresh (392ms)
				TypeCache.ScanAssembly (326ms)
			ScanForSourceGeneratedMonoScriptInfo (69ms)
			ResolveRequiredComponents (17ms)
	FinalizeReload (1401ms)
		ReleaseScriptCaches (0ms)
		RebuildScriptCaches (0ms)
		SetupLoadedEditorAssemblies (1103ms)
			LogAssemblyErrors (0ms)
			InitializePlatformSupportModulesInManaged (40ms)
			SetLoadedEditorAssemblies (8ms)
			RefreshPlugins (0ms)
			BeforeProcessingInitializeOnLoad (119ms)
			ProcessInitializeOnLoadAttributes (473ms)
			ProcessInitializeOnLoadMethodAttributes (455ms)
			AfterProcessingInitializeOnLoad (7ms)
			EditorAssembliesLoaded (1ms)
		ExecutionOrderSort2 (0ms)
		AwakeInstancesAfterBackupRestoration (12ms)
Launched and connected shader compiler UnityShaderCompiler.exe after 0.06 seconds
Refreshing native plugins compatible for Editor in 66.75 ms, found 12 plugins.
Preloading 0 native plugins for Editor in 0.00 ms.
Unloading 6151 Unused Serialized files (Serialized files now loaded: 0)
Unloading 172 unused Assets / (1.9 MB). Loaded Objects now: 6586.
Memory consumption went from 239.4 MB to 237.5 MB.
Total: 38.804600 ms (FindLiveObjects: 0.600200 ms CreateObjectMapping: 0.416300 ms MarkObjects: 36.638100 ms  DeleteObjects: 1.147800 ms)

AssetImportParameters requested are different than current active one (requested -> active):
  custom:container-demuxer-ogg: 62fdf1f143b41e24485cea50d1cbac27 -> 
  custom:video-decoder-ogg-theora: a1e56fd34408186e4bbccfd4996cb3dc -> 
  custom:framework-win-MediaFoundation: 216162199b28c13a410421893ffa2e32 -> 
  custom:CustomObjectIndexerAttribute: a3ef5dd2817f97addfee359851a9dba5 -> 
  custom:container-demuxer-webm: 4f35f7cbe854078d1ac9338744f61a02 -> 
  custom:container-muxer-webm: aa71ff27fc2769a1b78a27578f13a17b -> 
  custom:video-decoder-webm-vp8: 9c59270c3fd7afecdb556c50c9e8de78 -> 
  custom:SearchIndexIgnoredProperties: e643bd26f0fe6173181afceb89e7c659 -> 
  custom:AudioImporter_EditorPlatform: d09bf68614088b80899f8185d706f6e7 -> 
  custom:video-encoder-webm-vp8: eb34c28f22e8b96e1ab97ce403110664 -> 
  custom:audio-decoder-ogg-vorbis: bf7c407c2cedff20999df2af8eb42d56 -> 
  custom:audio-encoder-webm-vorbis: bf7c407c2cedff20999df2af8eb42d56 -> 
========================================================================
Received Import Request.
  Time since last request: 335489.860448 seconds.
  path: Assets/Plugins/Android/AndroidManifest.xml
  artifactKey: Guid(237738e65f5901e4bbcaa61a5df77c88) Importer(2089858483,0ecaa5967403d082aa24f35e1b516d23)
Start importing Assets/Plugins/Android/AndroidManifest.xml using Guid(237738e65f5901e4bbcaa61a5df77c88) Importer(2089858483,0ecaa5967403d082aa24f35e1b516d23) Generated GUIDs only implemented for interfaces!
 -> (artifact id: '90722e2365da2fd1958b3fe050c46044') in 0.430619 seconds
Number of updated asset objects reloaded before import = 0
Number of asset objects unloaded after import = 1
========================================================================
Received Import Request.
  Time since last request: 0.000034 seconds.
  path: Assets/Samples/XR Interaction Toolkit/2.5.2/Starter Assets
  artifactKey: Guid(6be60c2313dfeaa489735a9d9f83cc37) Importer(2089858483,0ecaa5967403d082aa24f35e1b516d23)
Start importing Assets/Samples/XR Interaction Toolkit/2.5.2/Starter Assets using Guid(6be60c2313dfeaa489735a9d9f83cc37) Importer(2089858483,0ecaa5967403d082aa24f35e1b516d23) Generated GUIDs only implemented for interfaces!
 -> (artifact id: '0a2aabb961cc3ee8b73dc255d1363476') in 0.013404 seconds
Number of updated asset objects reloaded before import = 0
Number of asset objects unloaded after import = 1
========================================================================
Received Import Request.
  Time since last request: 0.000015 seconds.
  path: Assets/Samples/XR Interaction Toolkit/2.5.2/Starter Assets/DemoSceneAssets/Models
  artifactKey: Guid(90a5974969e85834f8306496fd3cda4c) Importer(2089858483,0ecaa5967403d082aa24f35e1b516d23)
Start importing Assets/Samples/XR Interaction Toolkit/2.5.2/Starter Assets/DemoSceneAssets/Models using Guid(90a5974969e85834f8306496fd3cda4c) Importer(2089858483,0ecaa5967403d082aa24f35e1b516d23) Generated GUIDs only implemented for interfaces!
 -> (artifact id: '88f7c615db37942e9c241312f071e271') in 0.012578 seconds
Number of updated asset objects reloaded before import = 0
Number of asset objects unloaded after import = 1
========================================================================
Received Import Request.
  Time since last request: 0.000017 seconds.
  path: Assets/Samples/XR Interaction Toolkit/2.5.2/Starter Assets/Presets/XRI Default Right Grab Move.preset
  artifactKey: Guid(fdc4f514b7b1e9c4eb39713ad9dd4eba) Importer(2089858483,0ecaa5967403d082aa24f35e1b516d23)
Start importing Assets/Samples/XR Interaction Toolkit/2.5.2/Starter Assets/Presets/XRI Default Right Grab Move.preset using Guid(fdc4f514b7b1e9c4eb39713ad9dd4eba) Importer(2089858483,0ecaa5967403d082aa24f35e1b516d23) Generated GUIDs only implemented for interfaces!
 -> (artifact id: '55cbad02677ccfd29cd75ac39aee4fab') in 0.070948 seconds
Number of updated asset objects reloaded before import = 0
Number of asset objects unloaded after import = 3
========================================================================
Received Import Request.
  Time since last request: 0.000020 seconds.
  path: Assets/Samples/XR Interaction Toolkit/2.5.2/Starter Assets/Editor
  artifactKey: Guid(004f0e70ab2efb54a9d93a283d657b97) Importer(2089858483,0ecaa5967403d082aa24f35e1b516d23)
Start importing Assets/Samples/XR Interaction Toolkit/2.5.2/Starter Assets/Editor using Guid(004f0e70ab2efb54a9d93a283d657b97) Importer(2089858483,0ecaa5967403d082aa24f35e1b516d23) Generated GUIDs only implemented for interfaces!
 -> (artifact id: '00e3dce3a8aa27b50fcbfd1a473789c3') in 0.010872 seconds
Number of updated asset objects reloaded before import = 0
Number of asset objects unloaded after import = 1
========================================================================
Received Import Request.
  Time since last request: 0.000018 seconds.
  path: Assets/3rd-Party/ML-Agents/Examples/Pyramids/Scenes/Pyramids.unity
  artifactKey: Guid(35afbc150a44b4aa69ca04685486b5c4) Importer(2089858483,3d70f49cd1c2eb9ae422958d1c652c6b)
Start importing Assets/3rd-Party/ML-Agents/Examples/Pyramids/Scenes/Pyramids.unity using Guid(35afbc150a44b4aa69ca04685486b5c4) Importer(2089858483,3d70f49cd1c2eb9ae422958d1c652c6b) Opening scene 'Assets/3rd-Party/ML-Agents/Examples/Pyramids/Scenes/Pyramids.unity additively'
LightingSettings: switching bake backend from 1 to 0.
Loaded scene 'Assets/3rd-Party/ML-Agents/Examples/Pyramids/Scenes/Pyramids.unity'
	Deserialize:            22.540 ms
	Integration:            78.493 ms
	Integration of assets:  0.018 ms
	Thread Wait Time:       0.260 ms
	Total Operation Time:   101.311 ms
Generated GUIDs only implemented for interfaces!
 -> (artifact id: '06eb1211825fcaea7c5dc1774215bc2d') in 0.855456 seconds
Number of updated asset objects reloaded before import = 0
Number of asset objects unloaded after import = 550
========================================================================
Received Prepare
Refreshing native plugins compatible for Editor in 17.46 ms, found 12 plugins.
Preloading 0 native plugins for Editor in 0.00 ms.
Unloading 55 Unused Serialized files (Serialized files now loaded: 0)
Unloading 12 unused Assets / (1.8 MB). Loaded Objects now: 6636.
Memory consumption went from 127.4 MB to 125.6 MB.
Total: 10.667100 ms (FindLiveObjects: 0.453000 ms CreateObjectMapping: 0.400400 ms MarkObjects: 8.553500 ms  DeleteObjects: 1.258700 ms)

Prepare: number of updated asset objects reloaded= 0
AssetImportParameters requested are different than current active one (requested -> active):
  custom:container-demuxer-ogg: 62fdf1f143b41e24485cea50d1cbac27 -> 
  custom:video-decoder-ogg-theora: a1e56fd34408186e4bbccfd4996cb3dc -> 
  custom:framework-win-MediaFoundation: 216162199b28c13a410421893ffa2e32 -> 
  custom:CustomObjectIndexerAttribute: a3ef5dd2817f97addfee359851a9dba5 -> 
  custom:container-demuxer-webm: 4f35f7cbe854078d1ac9338744f61a02 -> 
  custom:container-muxer-webm: aa71ff27fc2769a1b78a27578f13a17b -> 
  custom:video-decoder-webm-vp8: 9c59270c3fd7afecdb556c50c9e8de78 -> 
  custom:SearchIndexIgnoredProperties: e643bd26f0fe6173181afceb89e7c659 -> 
  custom:AudioImporter_EditorPlatform: d09bf68614088b80899f8185d706f6e7 -> 
  custom:video-encoder-webm-vp8: eb34c28f22e8b96e1ab97ce403110664 -> 
  custom:audio-decoder-ogg-vorbis: bf7c407c2cedff20999df2af8eb42d56 -> 
  custom:audio-encoder-webm-vorbis: bf7c407c2cedff20999df2af8eb42d56 -> 
========================================================================
Received Import Request.
  Time since last request: 55.656058 seconds.
  path: Assets/Settings/Low_PipelineAsset_ForwardRenderer.asset
  artifactKey: Guid(504f951e247aca944919199f89529b79) Importer(2089858483,0ecaa5967403d082aa24f35e1b516d23)
Start importing Assets/Settings/Low_PipelineAsset_ForwardRenderer.asset using Guid(504f951e247aca944919199f89529b79) Importer(2089858483,0ecaa5967403d082aa24f35e1b516d23) Generated GUIDs only implemented for interfaces!
 -> (artifact id: 'abee6980ae50de09529a7f964deb0cd4') in 0.028787 seconds
Number of updated asset objects reloaded before import = 0
Number of asset objects unloaded after import = 1
========================================================================
Received Import Request.
  Time since last request: 0.000014 seconds.
  path: Assets/3rd-Party/ML-Agents/Examples/BananaCollectors/Scenes/BananaIL.unity
  artifactKey: Guid(3ae10073cde7641f488ef7c87862333a) Importer(2089858483,0ecaa5967403d082aa24f35e1b516d23)
Start importing Assets/3rd-Party/ML-Agents/Examples/BananaCollectors/Scenes/BananaIL.unity using Guid(3ae10073cde7641f488ef7c87862333a) Importer(2089858483,0ecaa5967403d082aa24f35e1b516d23) Generated GUIDs only implemented for interfaces!
 -> (artifact id: '6c5c2d596480b31fa198f00ce167057c') in 0.008861 seconds
Number of updated asset objects reloaded before import = 0
Number of asset objects unloaded after import = 1
========================================================================
Received Import Request.
  Time since last request: 0.000022 seconds.
  path: Assets/3rd-Party/ML-Agents/Examples/WallJump/Prefabs/WallJumpArea.prefab
  artifactKey: Guid(54e3af627216447f790531de496099f0) Importer(2089858483,0ecaa5967403d082aa24f35e1b516d23)
Start importing Assets/3rd-Party/ML-Agents/Examples/WallJump/Prefabs/WallJumpArea.prefab using Guid(54e3af627216447f790531de496099f0) Importer(2089858483,0ecaa5967403d082aa24f35e1b516d23) Generated GUIDs only implemented for interfaces!
 -> (artifact id: '1a6ff5120ada0dc96c8ce5a7597d709c') in 0.010626 seconds
Number of updated asset objects reloaded before import = 0
Number of asset objects unloaded after import = 43
========================================================================
Received Import Request.
  Time since last request: 0.000024 seconds.
  path: Assets/3rd-Party/ML-Agents/Examples/Walker/Scenes/WalkerSettings.lighting
  artifactKey: Guid(43a8350de63008646a0c4a8dddd41d4c) Importer(2089858483,0ecaa5967403d082aa24f35e1b516d23)
Start importing Assets/3rd-Party/ML-Agents/Examples/Walker/Scenes/WalkerSettings.lighting using Guid(43a8350de63008646a0c4a8dddd41d4c) Importer(2089858483,0ecaa5967403d082aa24f35e1b516d23) Generated GUIDs only implemented for interfaces!
 -> (artifact id: '536b968ce8026dac77d6d44ea8ab7959') in 0.014380 seconds
Number of updated asset objects reloaded before import = 0
Number of asset objects unloaded after import = 1
========================================================================
Received Import Request.
  Time since last request: 0.000021 seconds.
  path: Assets/3rd-Party/ML-Agents/Examples/Soccer/Materials/black.mat
  artifactKey: Guid(3412f7717087d449ba64a8214840ab88) Importer(2089858483,0ecaa5967403d082aa24f35e1b516d23)
Start importing Assets/3rd-Party/ML-Agents/Examples/Soccer/Materials/black.mat using Guid(3412f7717087d449ba64a8214840ab88) Importer(2089858483,0ecaa5967403d082aa24f35e1b516d23) Generated GUIDs only implemented for interfaces!
 -> (artifact id: '75750b213f59fc1bb258ed409fc13376') in 0.023695 seconds
Number of updated asset objects reloaded before import = 0
Number of asset objects unloaded after import = 1
========================================================================
Received Import Request.
  Time since last request: 0.000023 seconds.
  path: Assets/3rd-Party/ML-Agents/Examples/3DBall/Materials/Materials/logo2.mat
  artifactKey: Guid(4efff3f0f46984b78ae6161ef6558291) Importer(2089858483,0ecaa5967403d082aa24f35e1b516d23)
Start importing Assets/3rd-Party/ML-Agents/Examples/3DBall/Materials/Materials/logo2.mat using Guid(4efff3f0f46984b78ae6161ef6558291) Importer(2089858483,0ecaa5967403d082aa24f35e1b516d23) Generated GUIDs only implemented for interfaces!
 -> (artifact id: 'a39f77c32d6b1f4945adc5fb0148a2f4') in 0.019759 seconds
Number of updated asset objects reloaded before import = 0
Number of asset objects unloaded after import = 2
========================================================================
Received Import Request.
  Time since last request: 0.000017 seconds.
  path: Assets/3rd-Party/ML-Agents/Examples/SharedAssets/Materials/Grass.mat
  artifactKey: Guid(0fa85a3e5d58d44a08d19064187ac064) Importer(2089858483,0ecaa5967403d082aa24f35e1b516d23)
Start importing Assets/3rd-Party/ML-Agents/Examples/SharedAssets/Materials/Grass.mat using Guid(0fa85a3e5d58d44a08d19064187ac064) Importer(2089858483,0ecaa5967403d082aa24f35e1b516d23) Generated GUIDs only implemented for interfaces!
 -> (artifact id: '46334997a55fd5a50fc4e47e04a77989') in 0.012272 seconds
Number of updated asset objects reloaded before import = 0
Number of asset objects unloaded after import = 2
========================================================================
Received Import Request.
  Time since last request: 0.000014 seconds.
  path: Assets/3rd-Party/ML-Agents/Examples/Hallway/Prefabs/VisualHallwayArea.prefab
  artifactKey: Guid(7cb742e1326b447128356a50bb09cd89) Importer(2089858483,0ecaa5967403d082aa24f35e1b516d23)
Start importing Assets/3rd-Party/ML-Agents/Examples/Hallway/Prefabs/VisualHallwayArea.prefab using Guid(7cb742e1326b447128356a50bb09cd89) Importer(2089858483,0ecaa5967403d082aa24f35e1b516d23) Generated GUIDs only implemented for interfaces!
 -> (artifact id: '9e6f2e24ed09b0397d7a9e10c3880a46') in 0.009691 seconds
Number of updated asset objects reloaded before import = 0
Number of asset objects unloaded after import = 76
========================================================================
Received Import Request.
  Time since last request: 0.000018 seconds.
  path: Assets/3rd-Party/ML-Agents/Examples/Pyramids/Materials/red.mat
  artifactKey: Guid(fee4f54a87e3a4da494cc22082809bb4) Importer(2089858483,0ecaa5967403d082aa24f35e1b516d23)
Start importing Assets/3rd-Party/ML-Agents/Examples/Pyramids/Materials/red.mat using Guid(fee4f54a87e3a4da494cc22082809bb4) Importer(2089858483,0ecaa5967403d082aa24f35e1b516d23) Generated GUIDs only implemented for interfaces!
 -> (artifact id: '3a4fc56ac65ca21abaf4bd5a5f168af9') in 0.012663 seconds
Number of updated asset objects reloaded before import = 0
Number of asset objects unloaded after import = 1
========================================================================
Received Import Request.
  Time since last request: 0.000018 seconds.
  path: Assets/Samples/XR Interaction Toolkit/2.5.2/Starter Assets/DemoSceneAssets/Prefabs/UI/Icon Button.prefab
  artifactKey: Guid(56686f82f64b0af4688a89676403a500) Importer(2089858483,0ecaa5967403d082aa24f35e1b516d23)
Start importing Assets/Samples/XR Interaction Toolkit/2.5.2/Starter Assets/DemoSceneAssets/Prefabs/UI/Icon Button.prefab using Guid(56686f82f64b0af4688a89676403a500) Importer(2089858483,0ecaa5967403d082aa24f35e1b516d23) Generated GUIDs only implemented for interfaces!
 -> (artifact id: '379017af8aea770deb40ff19d23694c4') in 0.037749 seconds
Number of updated asset objects reloaded before import = 0
Number of asset objects unloaded after import = 24
========================================================================
Received Import Request.
  Time since last request: 0.000017 seconds.
  path: Assets/3rd-Party/ML-Agents/Examples/Pyramids/Materials/white.mat
  artifactKey: Guid(83456930795894bb5b51f4e8a620bc8b) Importer(2089858483,0ecaa5967403d082aa24f35e1b516d23)
Start importing Assets/3rd-Party/ML-Agents/Examples/Pyramids/Materials/white.mat using Guid(83456930795894bb5b51f4e8a620bc8b) Importer(2089858483,0ecaa5967403d082aa24f35e1b516d23) Generated GUIDs only implemented for interfaces!
 -> (artifact id: '8eb54388b97772f309797904e3db5edf') in 0.011479 seconds
Number of updated asset objects reloaded before import = 0
Number of asset objects unloaded after import = 1
========================================================================
Received Import Request.
  Time since last request: 0.000018 seconds.
  path: Assets/3rd-Party/ML-Agents/Examples/BananaCollectors/Materials/agent.mat
  artifactKey: Guid(e7f88a1493a3046458934f58f23dc35a) Importer(2089858483,0ecaa5967403d082aa24f35e1b516d23)
Start importing Assets/3rd-Party/ML-Agents/Examples/BananaCollectors/Materials/agent.mat using Guid(e7f88a1493a3046458934f58f23dc35a) Importer(2089858483,0ecaa5967403d082aa24f35e1b516d23) Generated GUIDs only implemented for interfaces!
 -> (artifact id: '52765e62527bdf9b497cd3abfbe6ffbc') in 0.014451 seconds
Number of updated asset objects reloaded before import = 0
Number of asset objects unloaded after import = 1
========================================================================
Received Import Request.
  Time since last request: 0.000024 seconds.
  path: Assets/3rd-Party/ML-Agents/Examples/SharedAssets/Materials/Ball.mat
  artifactKey: Guid(edd958d75ed1448138de86f3335ea4fa) Importer(2089858483,0ecaa5967403d082aa24f35e1b516d23)
Start importing Assets/3rd-Party/ML-Agents/Examples/SharedAssets/Materials/Ball.mat using Guid(edd958d75ed1448138de86f3335ea4fa) Importer(2089858483,0ecaa5967403d082aa24f35e1b516d23) Generated GUIDs only implemented for interfaces!
 -> (artifact id: '3fbd5a09b25262ea74ef41822d217ae4') in 0.014086 seconds
Number of updated asset objects reloaded before import = 0
Number of asset objects unloaded after import = 1
========================================================================
Received Import Request.
  Time since last request: 0.000029 seconds.
  path: Assets/Samples/XR Interaction Toolkit/2.5.2/Starter Assets/DemoSceneAssets/Prefabs/UI/MinMaxSlider.prefab
  artifactKey: Guid(657321a07c3561043af55547ec4b0ed7) Importer(2089858483,0ecaa5967403d082aa24f35e1b516d23)
Start importing Assets/Samples/XR Interaction Toolkit/2.5.2/Starter Assets/DemoSceneAssets/Prefabs/UI/MinMaxSlider.prefab using Guid(657321a07c3561043af55547ec4b0ed7) Importer(2089858483,0ecaa5967403d082aa24f35e1b516d23) Generated GUIDs only implemented for interfaces!
 -> (artifact id: '4355d4ab2713496c1be0d1ba633f6e30') in 0.018731 seconds
Number of updated asset objects reloaded before import = 0
Number of asset objects unloaded after import = 26
========================================================================
Received Import Request.
  Time since last request: 0.000024 seconds.
  path: Assets/3rd-Party/ML-Agents/Examples/BananaCollectors/Materials/bad.mat
  artifactKey: Guid(b73cd29e726f042feb23a85c7958fd38) Importer(2089858483,0ecaa5967403d082aa24f35e1b516d23)
Start importing Assets/3rd-Party/ML-Agents/Examples/BananaCollectors/Materials/bad.mat using Guid(b73cd29e726f042feb23a85c7958fd38) Importer(2089858483,0ecaa5967403d082aa24f35e1b516d23) Generated GUIDs only implemented for interfaces!
 -> (artifact id: 'eb2aa0b84a2a0b741878ef8b326c77fc') in 0.011921 seconds
Number of updated asset objects reloaded before import = 0
Number of asset objects unloaded after import = 1
========================================================================
Received Import Request.
  Time since last request: 0.000040 seconds.
  path: Assets/Settings/High_PipelineAsset_ForwardRenderer.asset
  artifactKey: Guid(fdcd42d4603385245901943c0cd5cccb) Importer(2089858483,0ecaa5967403d082aa24f35e1b516d23)
Start importing Assets/Settings/High_PipelineAsset_ForwardRenderer.asset using Guid(fdcd42d4603385245901943c0cd5cccb) Importer(2089858483,0ecaa5967403d082aa24f35e1b516d23) Generated GUIDs only implemented for interfaces!
 -> (artifact id: 'fd044e00dd6a592ce7a9ccc5d48151c3') in 0.017072 seconds
Number of updated asset objects reloaded before import = 0
Number of asset objects unloaded after import = 1
========================================================================
Received Import Request.
  Time since last request: 0.000026 seconds.
  path: Assets/3rd-Party/ML-Agents/Examples/Hallway/Scenes/VisualHallway.unity
  artifactKey: Guid(de11f7032ae5745aeb4e112adc650114) Importer(2089858483,0ecaa5967403d082aa24f35e1b516d23)
Start importing Assets/3rd-Party/ML-Agents/Examples/Hallway/Scenes/VisualHallway.unity using Guid(de11f7032ae5745aeb4e112adc650114) Importer(2089858483,0ecaa5967403d082aa24f35e1b516d23) Generated GUIDs only implemented for interfaces!
 -> (artifact id: '2b998ce43f6d96be9d0b088e8c3f4863') in 0.010718 seconds
Number of updated asset objects reloaded before import = 0
Number of asset objects unloaded after import = 1
========================================================================
Received Import Request.
  Time since last request: 0.000022 seconds.
  path: Assets/Settings/Ultra_PipelineAsset.asset
  artifactKey: Guid(16297e3fe41e99e45b5fe3d9b70f3296) Importer(2089858483,0ecaa5967403d082aa24f35e1b516d23)
Start importing Assets/Settings/Ultra_PipelineAsset.asset using Guid(16297e3fe41e99e45b5fe3d9b70f3296) Importer(2089858483,0ecaa5967403d082aa24f35e1b516d23) Generated GUIDs only implemented for interfaces!
 -> (artifact id: 'c585128187b94427045ebe7d0824ef3f') in 0.035618 seconds
Number of updated asset objects reloaded before import = 0
Number of asset objects unloaded after import = 1
========================================================================
Received Import Request.
  Time since last request: 0.000025 seconds.
  path: Assets/3rd-Party/ML-Agents/Examples/Tennis/Materials/sand.mat
  artifactKey: Guid(e875dae9102374b76b5e8a26d06478a0) Importer(2089858483,0ecaa5967403d082aa24f35e1b516d23)
Start importing Assets/3rd-Party/ML-Agents/Examples/Tennis/Materials/sand.mat using Guid(e875dae9102374b76b5e8a26d06478a0) Importer(2089858483,0ecaa5967403d082aa24f35e1b516d23) Generated GUIDs only implemented for interfaces!
 -> (artifact id: '5650e728c2d7ddcaae1acde7c3d4cf4c') in 0.015380 seconds
Number of updated asset objects reloaded before import = 0
Number of asset objects unloaded after import = 1
========================================================================
Received Import Request.
  Time since last request: 0.000022 seconds.
  path: Assets/3rd-Party/ML-Agents/Examples/Hallway/Material/Red.mat
  artifactKey: Guid(14324848a330c4217817001de3315e6e) Importer(2089858483,0ecaa5967403d082aa24f35e1b516d23)
Start importing Assets/3rd-Party/ML-Agents/Examples/Hallway/Material/Red.mat using Guid(14324848a330c4217817001de3315e6e) Importer(2089858483,0ecaa5967403d082aa24f35e1b516d23) Generated GUIDs only implemented for interfaces!
 -> (artifact id: 'bac2e77e59e447c1bcef9b71663e06c1') in 0.013635 seconds
Number of updated asset objects reloaded before import = 0
Number of asset objects unloaded after import = 1
========================================================================
Received Import Request.
  Time since last request: 0.000034 seconds.
  path: Assets/3rd-Party/ML-Agents/Examples/Reacher/Materials/Goal.mat
  artifactKey: Guid(3779d76a368ea4ebbaea1e027d5dfd98) Importer(2089858483,0ecaa5967403d082aa24f35e1b516d23)
Start importing Assets/3rd-Party/ML-Agents/Examples/Reacher/Materials/Goal.mat using Guid(3779d76a368ea4ebbaea1e027d5dfd98) Importer(2089858483,0ecaa5967403d082aa24f35e1b516d23) Generated GUIDs only implemented for interfaces!
 -> (artifact id: 'e5c5db2ac4c7cbe93c01a4c4d28a551f') in 0.014180 seconds
Number of updated asset objects reloaded before import = 0
Number of asset objects unloaded after import = 1
========================================================================
Received Import Request.
  Time since last request: 0.000028 seconds.
  path: Assets/3rd-Party/ML-Agents/Examples/Pyramids/Materials/agent.mat
  artifactKey: Guid(7ec5b27785bab4f37a9ae5faa93c92b7) Importer(2089858483,0ecaa5967403d082aa24f35e1b516d23)
Start importing Assets/3rd-Party/ML-Agents/Examples/Pyramids/Materials/agent.mat using Guid(7ec5b27785bab4f37a9ae5faa93c92b7) Importer(2089858483,0ecaa5967403d082aa24f35e1b516d23) Generated GUIDs only implemented for interfaces!
 -> (artifact id: '28361d5062ba92a76116a120f4a7839d') in 0.014353 seconds
Number of updated asset objects reloaded before import = 0
Number of asset objects unloaded after import = 1
========================================================================
Received Import Request.
  Time since last request: 0.000024 seconds.
  path: Assets/3rd-Party/ML-Agents/Examples/SharedAssets/Materials/Black.mat
  artifactKey: Guid(866f7a84824d141dbbe50dd1893207d9) Importer(2089858483,0ecaa5967403d082aa24f35e1b516d23)
Start importing Assets/3rd-Party/ML-Agents/Examples/SharedAssets/Materials/Black.mat using Guid(866f7a84824d141dbbe50dd1893207d9) Importer(2089858483,0ecaa5967403d082aa24f35e1b516d23) Generated GUIDs only implemented for interfaces!
 -> (artifact id: '0a2956397da58d7c27ede902d17bb97d') in 0.011309 seconds
Number of updated asset objects reloaded before import = 0
Number of asset objects unloaded after import = 1
========================================================================
Received Import Request.
  Time since last request: 0.000041 seconds.
  path: Assets/3rd-Party/ML-Agents/Examples/BananaCollectors/Materials/lazer.mat
  artifactKey: Guid(262d8cbc02b104990841408098431457) Importer(2089858483,0ecaa5967403d082aa24f35e1b516d23)
Start importing Assets/3rd-Party/ML-Agents/Examples/BananaCollectors/Materials/lazer.mat using Guid(262d8cbc02b104990841408098431457) Importer(2089858483,0ecaa5967403d082aa24f35e1b516d23) Generated GUIDs only implemented for interfaces!
 -> (artifact id: 'eeeb661dc2d2500deb7f5cdf50cdfa9c') in 0.016148 seconds
Number of updated asset objects reloaded before import = 0
Number of asset objects unloaded after import = 1
========================================================================
Received Import Request.
  Time since last request: 0.000021 seconds.
  path: Assets/3rd-Party/ML-Agents/Examples/BananaCollectors/Materials/white.mat
  artifactKey: Guid(9efa4522ab2a04af4bdbcf95ddef5711) Importer(2089858483,0ecaa5967403d082aa24f35e1b516d23)
Start importing Assets/3rd-Party/ML-Agents/Examples/BananaCollectors/Materials/white.mat using Guid(9efa4522ab2a04af4bdbcf95ddef5711) Importer(2089858483,0ecaa5967403d082aa24f35e1b516d23) Generated GUIDs only implemented for interfaces!
 -> (artifact id: '0d3dda94286cd3206c50bf9c1323883a') in 0.012243 seconds
Number of updated asset objects reloaded before import = 0
Number of asset objects unloaded after import = 1
========================================================================
Received Import Request.
  Time since last request: 0.000025 seconds.
  path: Assets/3rd-Party/ML-Agents/Examples/SharedAssets/Materials/LightGridFloorSquare.mat
  artifactKey: Guid(97796528aca714d159b1093f49bca242) Importer(2089858483,0ecaa5967403d082aa24f35e1b516d23)
Start importing Assets/3rd-Party/ML-Agents/Examples/SharedAssets/Materials/LightGridFloorSquare.mat using Guid(97796528aca714d159b1093f49bca242) Importer(2089858483,0ecaa5967403d082aa24f35e1b516d23) Generated GUIDs only implemented for interfaces!
 -> (artifact id: 'ec2af13f4d5ebdfd0a638d1779d15cde') in 0.015716 seconds
Number of updated asset objects reloaded before import = 0
Number of asset objects unloaded after import = 2
========================================================================
Received Import Request.
  Time since last request: 0.000022 seconds.
  path: Assets/3rd-Party/ML-Agents/Examples/GridWorld/Scenes/GridWorld.unity
  artifactKey: Guid(7c777442467e245108558a5155153927) Importer(2089858483,0ecaa5967403d082aa24f35e1b516d23)
Start importing Assets/3rd-Party/ML-Agents/Examples/GridWorld/Scenes/GridWorld.unity using Guid(7c777442467e245108558a5155153927) Importer(2089858483,0ecaa5967403d082aa24f35e1b516d23) Generated GUIDs only implemented for interfaces!
 -> (artifact id: '6ab23d846c29021ae76604594a2075b5') in 0.010068 seconds
Number of updated asset objects reloaded before import = 0
Number of asset objects unloaded after import = 1
========================================================================
Received Import Request.
  Time since last request: 0.000024 seconds.
  path: Assets/3rd-Party/ML-Agents/Examples/Pyramids/Materials/Gold.mat
  artifactKey: Guid(860625a788df041aeb5c35413765e9df) Importer(2089858483,0ecaa5967403d082aa24f35e1b516d23)
Start importing Assets/3rd-Party/ML-Agents/Examples/Pyramids/Materials/Gold.mat using Guid(860625a788df041aeb5c35413765e9df) Importer(2089858483,0ecaa5967403d082aa24f35e1b516d23) Generated GUIDs only implemented for interfaces!
 -> (artifact id: '0adae8c7dfb5b35c0a17d475f889c907') in 0.015336 seconds
Number of updated asset objects reloaded before import = 0
Number of asset objects unloaded after import = 1
========================================================================
Received Import Request.
  Time since last request: 0.278760 seconds.
  path: Assets/3rd-Party/ML-Agents/Examples/BananaCollectors/Scenes/Banana.unity
  artifactKey: Guid(11583205ab5b74bb4bb1b9951cf9e437) Importer(2089858483,0ecaa5967403d082aa24f35e1b516d23)
Start importing Assets/3rd-Party/ML-Agents/Examples/BananaCollectors/Scenes/Banana.unity using Guid(11583205ab5b74bb4bb1b9951cf9e437) Importer(2089858483,0ecaa5967403d082aa24f35e1b516d23) Generated GUIDs only implemented for interfaces!
 -> (artifact id: '97c243fb685762744eebdd4e7d5972d0') in 0.011647 seconds
Number of updated asset objects reloaded before import = 0
Number of asset objects unloaded after import = 1
========================================================================
Received Import Request.
  Time since last request: 9.988352 seconds.
  path: Assets/Samples/XR Interaction Toolkit/2.5.2/Starter Assets/DemoScene.unity
  artifactKey: Guid(319dafa5c80f29f428dc1e0d03f04177) Importer(2089858483,0ecaa5967403d082aa24f35e1b516d23)
Start importing Assets/Samples/XR Interaction Toolkit/2.5.2/Starter Assets/DemoScene.unity using Guid(319dafa5c80f29f428dc1e0d03f04177) Importer(2089858483,0ecaa5967403d082aa24f35e1b516d23) Generated GUIDs only implemented for interfaces!
 -> (artifact id: '5aeed58d8f299ce3ee41ff200ca9f9a5') in 0.009076 seconds
Number of updated asset objects reloaded before import = 1
Number of asset objects unloaded after import = 1
========================================================================
Received Import Request.
  Time since last request: 0.000016 seconds.
  path: Assets/3rd-Party/ML-Agents/Examples/PushBlock/Prefabs/VisualArea.prefab
  artifactKey: Guid(ac5f949973dd649959b04f3c41021a80) Importer(2089858483,0ecaa5967403d082aa24f35e1b516d23)
Start importing Assets/3rd-Party/ML-Agents/Examples/PushBlock/Prefabs/VisualArea.prefab using Guid(ac5f949973dd649959b04f3c41021a80) Importer(2089858483,0ecaa5967403d082aa24f35e1b516d23) Generated GUIDs only implemented for interfaces!
 -> (artifact id: '8fd486b649ece91d67b35fa326b52eaa') in 0.010072 seconds
Number of updated asset objects reloaded before import = 0
Number of asset objects unloaded after import = 61
========================================================================
Received Import Request.
  Time since last request: 0.000014 seconds.
  path: Assets/3rd-Party/ML-Agents/Examples/WallJump/Scenes/WallJump.unity
  artifactKey: Guid(56024e8d040d344709949bc88128944d) Importer(2089858483,0ecaa5967403d082aa24f35e1b516d23)
Start importing Assets/3rd-Party/ML-Agents/Examples/WallJump/Scenes/WallJump.unity using Guid(56024e8d040d344709949bc88128944d) Importer(2089858483,0ecaa5967403d082aa24f35e1b516d23) Generated GUIDs only implemented for interfaces!
 -> (artifact id: 'c8e9f9b59d0a9d092c9c9e260777627f') in 0.008661 seconds
Number of updated asset objects reloaded before import = 0
Number of asset objects unloaded after import = 1
========================================================================
Received Import Request.
  Time since last request: 0.000024 seconds.
  path: Assets/3rd-Party/ML-Agents/Examples/Walker/Prefabs/WalkerPair.prefab
  artifactKey: Guid(94dced9d2186d4a76b970fb18ef6d7a6) Importer(2089858483,0ecaa5967403d082aa24f35e1b516d23)
Start importing Assets/3rd-Party/ML-Agents/Examples/Walker/Prefabs/WalkerPair.prefab using Guid(94dced9d2186d4a76b970fb18ef6d7a6) Importer(2089858483,0ecaa5967403d082aa24f35e1b516d23) Generated GUIDs only implemented for interfaces!
 -> (artifact id: '929da82c7fd82f70a0126be9e54a0158') in 0.011908 seconds
Number of updated asset objects reloaded before import = 0
Number of asset objects unloaded after import = 184
========================================================================
Received Import Request.
  Time since last request: 0.000019 seconds.
  path: Assets/Samples/XR Interaction Toolkit/2.5.2/Starter Assets/DemoSceneAssets/Prefabs/UI/Icon Toggle.prefab
  artifactKey: Guid(541ed11e270c6994ca5910042c7e04da) Importer(2089858483,0ecaa5967403d082aa24f35e1b516d23)
Start importing Assets/Samples/XR Interaction Toolkit/2.5.2/Starter Assets/DemoSceneAssets/Prefabs/UI/Icon Toggle.prefab using Guid(541ed11e270c6994ca5910042c7e04da) Importer(2089858483,0ecaa5967403d082aa24f35e1b516d23) Generated GUIDs only implemented for interfaces!
 -> (artifact id: '25ec35431c3c33d477fd67dc137509a4') in 0.018968 seconds
Number of updated asset objects reloaded before import = 0
Number of asset objects unloaded after import = 24
========================================================================
Received Import Request.
  Time since last request: 0.000025 seconds.
  path: Assets/3rd-Party/ML-Agents/Examples/Hallway/Scenes/HallwayILSettings.lighting
  artifactKey: Guid(2412ab93ceab8374b89513b4398d179d) Importer(2089858483,0ecaa5967403d082aa24f35e1b516d23)
Start importing Assets/3rd-Party/ML-Agents/Examples/Hallway/Scenes/HallwayILSettings.lighting using Guid(2412ab93ceab8374b89513b4398d179d) Importer(2089858483,0ecaa5967403d082aa24f35e1b516d23) LightingSettings: switching bake backend from 1 to 0.
Generated GUIDs only implemented for interfaces!
 -> (artifact id: '35a3be83ef6498070cb0f9511b045088') in 0.011277 seconds
Number of updated asset objects reloaded before import = 0
Number of asset objects unloaded after import = 1
========================================================================
Received Import Request.
  Time since last request: 0.000015 seconds.
  path: Assets/3rd-Party/ML-Agents/Examples/Hallway/Scenes/HallwayIL.unity
  artifactKey: Guid(5be1eb3996f96423d81321a4ca613466) Importer(2089858483,0ecaa5967403d082aa24f35e1b516d23)
Start importing Assets/3rd-Party/ML-Agents/Examples/Hallway/Scenes/HallwayIL.unity using Guid(5be1eb3996f96423d81321a4ca613466) Importer(2089858483,0ecaa5967403d082aa24f35e1b516d23) Generated GUIDs only implemented for interfaces!
 -> (artifact id: '9466d6422733c156cb6b22c4d2ba567c') in 0.007815 seconds
Number of updated asset objects reloaded before import = 0
Number of asset objects unloaded after import = 1
========================================================================
Received Import Request.
  Time since last request: 0.000020 seconds.
  path: Assets/3rd-Party/ML-Agents/Examples/PushBlock/Scenes/PushBlockILSettings.lighting
  artifactKey: Guid(3ef442e951dec9342ab21f9182c0099c) Importer(2089858483,0ecaa5967403d082aa24f35e1b516d23)
Start importing Assets/3rd-Party/ML-Agents/Examples/PushBlock/Scenes/PushBlockILSettings.lighting using Guid(3ef442e951dec9342ab21f9182c0099c) Importer(2089858483,0ecaa5967403d082aa24f35e1b516d23) LightingSettings: switching bake backend from 1 to 0.
Generated GUIDs only implemented for interfaces!
 -> (artifact id: '0d34548c444213b88a5384c6ff361fb4') in 0.011137 seconds
Number of updated asset objects reloaded before import = 0
Number of asset objects unloaded after import = 1
========================================================================
Received Import Request.
  Time since last request: 18.782910 seconds.
  path: Assets/3rd-Party/ML-Agents/Examples/SharedAssets/Materials/groundGreen.mat
  artifactKey: Guid(cca885103c98844ffb5fdbf5b869f2b1) Importer(815301076,1909f56bfc062723c751e8b465ee728b)
Start importing Assets/3rd-Party/ML-Agents/Examples/SharedAssets/Materials/groundGreen.mat using Guid(cca885103c98844ffb5fdbf5b869f2b1) Importer(815301076,1909f56bfc062723c751e8b465ee728b)  -> (artifact id: 'c003b50ada29d85d9e7ccc3ada770744') in 0.646593 seconds
Number of updated asset objects reloaded before import = 0
Number of asset objects unloaded after import = 2
========================================================================
Received Import Request.
  Time since last request: 0.000032 seconds.
  path: Assets/3rd-Party/ML-Agents/Examples/SharedAssets/Materials/groundRed.mat
  artifactKey: Guid(bba9559f82e584fb4b490985a8fc3747) Importer(815301076,1909f56bfc062723c751e8b465ee728b)
Start importing Assets/3rd-Party/ML-Agents/Examples/SharedAssets/Materials/groundRed.mat using Guid(bba9559f82e584fb4b490985a8fc3747) Importer(815301076,1909f56bfc062723c751e8b465ee728b)  -> (artifact id: '3f8f47b92d000df898331c73556443ea') in 0.011612 seconds
Number of updated asset objects reloaded before import = 0
Number of asset objects unloaded after import = 2
========================================================================
Received Import Request.
  Time since last request: 0.000027 seconds.
  path: Assets/3rd-Party/ML-Agents/Examples/SharedAssets/Materials/UIDefault.mat
  artifactKey: Guid(463606e709fd24f29ac1096d0aade647) Importer(815301076,1909f56bfc062723c751e8b465ee728b)
Start importing Assets/3rd-Party/ML-Agents/Examples/SharedAssets/Materials/UIDefault.mat using Guid(463606e709fd24f29ac1096d0aade647) Importer(815301076,1909f56bfc062723c751e8b465ee728b)  -> (artifact id: 'c5469320ca9806abcc0cc08f187030b4') in 0.033611 seconds
Number of updated asset objects reloaded before import = 0
Number of asset objects unloaded after import = 2
========================================================================
Received Import Request.
  Time since last request: 0.000023 seconds.
  path: Assets/3rd-Party/ML-Agents/Examples/SharedAssets/Materials/LightGridFloorSquare.mat
  artifactKey: Guid(97796528aca714d159b1093f49bca242) Importer(815301076,1909f56bfc062723c751e8b465ee728b)
Start importing Assets/3rd-Party/ML-Agents/Examples/SharedAssets/Materials/LightGridFloorSquare.mat using Guid(97796528aca714d159b1093f49bca242) Importer(815301076,1909f56bfc062723c751e8b465ee728b)  -> (artifact id: '2caf15687dc919de396492b1762f0cd7') in 0.012558 seconds
Number of updated asset objects reloaded before import = 0
Number of asset objects unloaded after import = 3
========================================================================
Received Import Request.
  Time since last request: 0.413268 seconds.
  path: Assets/Samples/XR Interaction Toolkit/2.5.2/Starter Assets/Tunneling Vignette/TunnelingVignetteHemisphere.fbx
  artifactKey: Guid(5833e680dc0f7ae47aec6b4286570484) Importer(815301076,1909f56bfc062723c751e8b465ee728b)
Start importing Assets/Samples/XR Interaction Toolkit/2.5.2/Starter Assets/Tunneling Vignette/TunnelingVignetteHemisphere.fbx using Guid(5833e680dc0f7ae47aec6b4286570484) Importer(815301076,1909f56bfc062723c751e8b465ee728b)  -> (artifact id: '4786a06ca36b4f0314fe91c5566365e4') in 0.450053 seconds
Number of updated asset objects reloaded before import = 0
Number of asset objects unloaded after import = 8
========================================================================
Received Import Request.
  Time since last request: 49.464069 seconds.
  path: Assets/Samples/XR Interaction Toolkit/2.5.2/Starter Assets/Prefabs/Interactors/Ray Interactor.prefab
  artifactKey: Guid(ad818c36731146e994540a1896ad8f24) Importer(815301076,1909f56bfc062723c751e8b465ee728b)
Start importing Assets/Samples/XR Interaction Toolkit/2.5.2/Starter Assets/Prefabs/Interactors/Ray Interactor.prefab using Guid(ad818c36731146e994540a1896ad8f24) Importer(815301076,1909f56bfc062723c751e8b465ee728b)  -> (artifact id: '41a242c6dd9701cfd79c6f9f373cb3ff') in 0.025537 seconds
Number of updated asset objects reloaded before import = 0
Number of asset objects unloaded after import = 9
Editor requested this worker to shutdown with reason: Scaling down because of idle timeout
TcpMessagingSession - receive error: operation aborted. errorcode: 995, details: The I/O operation has been aborted because of either a thread exit or an application request.
AssetImportWorker is now disconnected from the server
Process exiting
Exiting without the bug reporter. Application will terminate with return code 0