Using pre-set license
Built from '2022.3/release' branch; Version is '2022.3.12f1 (4fe6e059c7ef) revision 5236448'; Using compiler version '192829333'; Build Type 'Release'
OS: 'Windows 11  (10.0.22000) 64bit Core' Language: 'en' Physical Memory: 16197 MB
BatchMode: 1, IsHumanControllingUs: 0, StartBugReporterOnCrash: 0, Is64bit: 1, IsPro: 1

COMMAND LINE ARGUMENTS:
C:\Program Files\Unity\Hub\Editor\2022.3.12f1\Editor\Unity.exe
-adb2
-batchMode
-noUpm
-name
AssetImportWorker5
-projectPath
C:/Users/xpeis/Documents/GitHub/drone-safety-sim
-logFile
Logs/AssetImportWorker5.log
-srvPort
51026
Successfully changed project path to: C:/Users/xpeis/Documents/GitHub/drone-safety-sim
C:/Users/xpeis/Documents/GitHub/drone-safety-sim
[UnityMemory] Configuration Parameters - Can be set up in boot.config
    "memorysetup-bucket-allocator-granularity=16"
    "memorysetup-bucket-allocator-bucket-count=8"
    "memorysetup-bucket-allocator-block-size=33554432"
    "memorysetup-bucket-allocator-block-count=8"
    "memorysetup-main-allocator-block-size=16777216"
    "memorysetup-thread-allocator-block-size=16777216"
    "memorysetup-gfx-main-allocator-block-size=16777216"
    "memorysetup-gfx-thread-allocator-block-size=16777216"
    "memorysetup-cache-allocator-block-size=4194304"
    "memorysetup-typetree-allocator-block-size=2097152"
    "memorysetup-profiler-bucket-allocator-granularity=16"
    "memorysetup-profiler-bucket-allocator-bucket-count=8"
    "memorysetup-profiler-bucket-allocator-block-size=33554432"
    "memorysetup-profiler-bucket-allocator-block-count=8"
    "memorysetup-profiler-allocator-block-size=16777216"
    "memorysetup-profiler-editor-allocator-block-size=1048576"
    "memorysetup-temp-allocator-size-main=16777216"
    "memorysetup-job-temp-allocator-block-size=2097152"
    "memorysetup-job-temp-allocator-block-size-background=1048576"
    "memorysetup-job-temp-allocator-reduction-small-platforms=262144"
    "memorysetup-allocator-temp-initial-block-size-main=262144"
    "memorysetup-allocator-temp-initial-block-size-worker=262144"
    "memorysetup-temp-allocator-size-background-worker=32768"
    "memorysetup-temp-allocator-size-job-worker=262144"
    "memorysetup-temp-allocator-size-preload-manager=33554432"
    "memorysetup-temp-allocator-size-nav-mesh-worker=65536"
    "memorysetup-temp-allocator-size-audio-worker=65536"
    "memorysetup-temp-allocator-size-cloud-worker=32768"
    "memorysetup-temp-allocator-size-gi-baking-worker=262144"
    "memorysetup-temp-allocator-size-gfx=262144"
Player connection [7592] Host "[IP] 10.244.68.120 [Port] 0 [Flags] 2 [Guid] 3053534310 [EditorId] 3053534310 [Version] 1048832 [Id] WindowsEditor(7,NUS-CREATE-HCI) [Debug] 1 [PackageName] WindowsEditor [ProjectName] Editor" joined multi-casting on [225.0.0.222:54997]...

Player connection [7592] Host "[IP] 10.244.68.120 [Port] 0 [Flags] 2 [Guid] 3053534310 [EditorId] 3053534310 [Version] 1048832 [Id] WindowsEditor(7,NUS-CREATE-HCI) [Debug] 1 [PackageName] WindowsEditor [ProjectName] Editor" joined alternative multi-casting on [225.0.0.222:34997]...

[Physics::Module] Initialized MultithreadedJobDispatcher with 15 workers.
Refreshing native plugins compatible for Editor in 22.22 ms, found 12 plugins.
Preloading 0 native plugins for Editor in 0.00 ms.
Initialize engine version: 2022.3.12f1 (4fe6e059c7ef)
[Subsystems] Discovering subsystems at path C:/Program Files/Unity/Hub/Editor/2022.3.12f1/Editor/Data/Resources/UnitySubsystems
[Subsystems] Discovering subsystems at path C:/Users/xpeis/Documents/GitHub/drone-safety-sim/Assets
GfxDevice: creating device client; threaded=0; jobified=0
Direct3D:
    Version:  Direct3D 11.0 [level 11.1]
    Renderer: NVIDIA GeForce RTX 3080 (ID=0x2216)
    Vendor:   NVIDIA
    VRAM:     10078 MB
    Driver:   31.0.15.2225
Initialize mono
Mono path[0] = 'C:/Program Files/Unity/Hub/Editor/2022.3.12f1/Editor/Data/Managed'
Mono path[1] = 'C:/Program Files/Unity/Hub/Editor/2022.3.12f1/Editor/Data/MonoBleedingEdge/lib/mono/unityjit-win32'
Mono config path = 'C:/Program Files/Unity/Hub/Editor/2022.3.12f1/Editor/Data/MonoBleedingEdge/etc'
Using monoOptions --debugger-agent=transport=dt_socket,embedding=1,server=y,suspend=n,address=127.0.0.1:56068
Begin MonoManager ReloadAssembly
Registering precompiled unity dll's ...
Register platform support module: C:/Program Files/Unity/Hub/Editor/2022.3.12f1/Editor/Data/PlaybackEngines/AndroidPlayer/UnityEditor.Android.Extensions.dll
Register platform support module: C:/Program Files/Unity/Hub/Editor/2022.3.12f1/Editor/Data/PlaybackEngines/WindowsStandaloneSupport/UnityEditor.WindowsStandalone.Extensions.dll
Registered in 0.008747 seconds.
- Loaded All Assemblies, in  0.362 seconds
Native extension for WindowsStandalone target not found
Native extension for Android target not found
Android Extension - Scanning For ADB Devices 280 ms
Mono: successfully reloaded assembly
- Finished resetting the current domain, in  0.655 seconds
Domain Reload Profiling: 1016ms
	BeginReloadAssembly (76ms)
		ExecutionOrderSort (0ms)
		DisableScriptedObjects (0ms)
		BackupInstance (0ms)
		ReleaseScriptingObjects (0ms)
		CreateAndSetChildDomain (1ms)
	RebuildCommonClasses (37ms)
	RebuildNativeTypeToScriptingClass (15ms)
	initialDomainReloadingComplete (65ms)
	LoadAllAssembliesAndSetupDomain (168ms)
		LoadAssemblies (75ms)
		RebuildTransferFunctionScriptingTraits (0ms)
		AnalyzeDomain (166ms)
			TypeCache.Refresh (164ms)
				TypeCache.ScanAssembly (149ms)
			ScanForSourceGeneratedMonoScriptInfo (0ms)
			ResolveRequiredComponents (1ms)
	FinalizeReload (656ms)
		ReleaseScriptCaches (0ms)
		RebuildScriptCaches (0ms)
		SetupLoadedEditorAssemblies (589ms)
			LogAssemblyErrors (0ms)
			InitializePlatformSupportModulesInManaged (403ms)
			SetLoadedEditorAssemblies (5ms)
			RefreshPlugins (0ms)
			BeforeProcessingInitializeOnLoad (2ms)
			ProcessInitializeOnLoadAttributes (116ms)
			ProcessInitializeOnLoadMethodAttributes (63ms)
			AfterProcessingInitializeOnLoad (0ms)
			EditorAssembliesLoaded (0ms)
		ExecutionOrderSort2 (0ms)
		AwakeInstancesAfterBackupRestoration (0ms)
========================================================================
Worker process is ready to serve import requests
Begin MonoManager ReloadAssembly
Symbol file LoadedFromMemory is not a mono symbol file
- Loaded All Assemblies, in  1.133 seconds
Refreshing native plugins compatible for Editor in 34.74 ms, found 12 plugins.
Native extension for WindowsStandalone target not found
Native extension for Android target not found
Package Manager log level set to [2]
[Package Manager] Server::EnsureServerProcessIsRunning -- launch failed, reason: Unity was launched with the -noUpm command-line argument
[Package Manager] UpmClient::Send -- Unable to send message (not connected to UPM process).
[Package Manager] Cannot connect to Unity Package Manager local server
[Package Manager] Server::EnsureServerProcessIsRunning -- launch failed, reason: Unity was launched with the -noUpm command-line argument
[Package Manager] UpmClient::Send -- Unable to send message (not connected to UPM process).
[Package Manager] Cannot connect to Unity Package Manager local server
Mono: successfully reloaded assembly
[Package Manager] Server::EnsureServerProcessIsRunning -- launch failed, reason: Unity was launched with the -noUpm command-line argument
[Package Manager] UpmClient::Send -- Unable to send message (not connected to UPM process).
[Package Manager] Cannot connect to Unity Package Manager local server
[Package Manager] Server::EnsureServerProcessIsRunning -- launch failed, reason: Unity was launched with the -noUpm command-line argument
[Package Manager] UpmClient::Send -- Unable to send message (not connected to UPM process).
[Package Manager] Cannot connect to Unity Package Manager local server
- Finished resetting the current domain, in  1.662 seconds
Domain Reload Profiling: 2792ms
	BeginReloadAssembly (167ms)
		ExecutionOrderSort (0ms)
		DisableScriptedObjects (5ms)
		BackupInstance (0ms)
		ReleaseScriptingObjects (0ms)
		CreateAndSetChildDomain (25ms)
	RebuildCommonClasses (48ms)
	RebuildNativeTypeToScriptingClass (17ms)
	initialDomainReloadingComplete (44ms)
	LoadAllAssembliesAndSetupDomain (853ms)
		LoadAssemblies (453ms)
		RebuildTransferFunctionScriptingTraits (0ms)
		AnalyzeDomain (496ms)
			TypeCache.Refresh (410ms)
				TypeCache.ScanAssembly (364ms)
			ScanForSourceGeneratedMonoScriptInfo (73ms)
			ResolveRequiredComponents (12ms)
	FinalizeReload (1663ms)
		ReleaseScriptCaches (0ms)
		RebuildScriptCaches (0ms)
		SetupLoadedEditorAssemblies (1330ms)
			LogAssemblyErrors (0ms)
			InitializePlatformSupportModulesInManaged (82ms)
			SetLoadedEditorAssemblies (6ms)
			RefreshPlugins (0ms)
			BeforeProcessingInitializeOnLoad (176ms)
			ProcessInitializeOnLoadAttributes (671ms)
			ProcessInitializeOnLoadMethodAttributes (391ms)
			AfterProcessingInitializeOnLoad (4ms)
			EditorAssembliesLoaded (0ms)
		ExecutionOrderSort2 (0ms)
		AwakeInstancesAfterBackupRestoration (8ms)
Launched and connected shader compiler UnityShaderCompiler.exe after 0.05 seconds
Refreshing native plugins compatible for Editor in 26.09 ms, found 12 plugins.
Preloading 0 native plugins for Editor in 0.00 ms.
Unloading 6151 Unused Serialized files (Serialized files now loaded: 0)
Unloading 172 unused Assets / (1.9 MB). Loaded Objects now: 6586.
Memory consumption went from 239.2 MB to 237.3 MB.
Total: 20.209700 ms (FindLiveObjects: 4.590300 ms CreateObjectMapping: 6.086300 ms MarkObjects: 7.896600 ms  DeleteObjects: 1.633800 ms)

AssetImportParameters requested are different than current active one (requested -> active):
  custom:container-demuxer-ogg: 62fdf1f143b41e24485cea50d1cbac27 -> 
  custom:video-decoder-ogg-theora: a1e56fd34408186e4bbccfd4996cb3dc -> 
  custom:framework-win-MediaFoundation: 216162199b28c13a410421893ffa2e32 -> 
  custom:CustomObjectIndexerAttribute: a3ef5dd2817f97addfee359851a9dba5 -> 
  custom:container-demuxer-webm: 4f35f7cbe854078d1ac9338744f61a02 -> 
  custom:container-muxer-webm: aa71ff27fc2769a1b78a27578f13a17b -> 
  custom:video-decoder-webm-vp8: 9c59270c3fd7afecdb556c50c9e8de78 -> 
  custom:SearchIndexIgnoredProperties: e643bd26f0fe6173181afceb89e7c659 -> 
  custom:AudioImporter_EditorPlatform: d09bf68614088b80899f8185d706f6e7 -> 
  custom:video-encoder-webm-vp8: eb34c28f22e8b96e1ab97ce403110664 -> 
  custom:audio-decoder-ogg-vorbis: bf7c407c2cedff20999df2af8eb42d56 -> 
  custom:audio-encoder-webm-vorbis: bf7c407c2cedff20999df2af8eb42d56 -> 
========================================================================
Received Import Request.
  Time since last request: 335488.624429 seconds.
  path: Assets/3rd-Party/ML-Agents/Examples/Tennis/Scenes/TennisIL.unity
  artifactKey: Guid(fcb7318b9c85c40a3b186ed8a3857f0a) Importer(2089858483,3d70f49cd1c2eb9ae422958d1c652c6b)
Start importing Assets/3rd-Party/ML-Agents/Examples/Tennis/Scenes/TennisIL.unity using Guid(fcb7318b9c85c40a3b186ed8a3857f0a) Importer(2089858483,3d70f49cd1c2eb9ae422958d1c652c6b) Opening scene 'Assets/3rd-Party/ML-Agents/Examples/Tennis/Scenes/TennisIL.unity additively'
LightingSettings: switching bake backend from 1 to 0.
Loaded scene 'Assets/3rd-Party/ML-Agents/Examples/Tennis/Scenes/TennisIL.unity'
	Deserialize:            34.421 ms
	Integration:            34.750 ms
	Integration of assets:  2.613 ms
	Thread Wait Time:       0.201 ms
	Total Operation Time:   71.986 ms
Generated GUIDs only implemented for interfaces!
 -> (artifact id: 'aa9a09e2f60843adadb92cc302fa9553') in 0.368945 seconds
Number of updated asset objects reloaded before import = 0
Number of asset objects unloaded after import = 12
========================================================================
Received Import Request.
  Time since last request: 0.000458 seconds.
  path: Assets/Samples/XR Interaction Toolkit/2.5.2/Starter Assets/Tunneling Vignette
  artifactKey: Guid(14305397b55fd2148ab7fcbdcbb60a50) Importer(2089858483,0ecaa5967403d082aa24f35e1b516d23)
Start importing Assets/Samples/XR Interaction Toolkit/2.5.2/Starter Assets/Tunneling Vignette using Guid(14305397b55fd2148ab7fcbdcbb60a50) Importer(2089858483,0ecaa5967403d082aa24f35e1b516d23) Generated GUIDs only implemented for interfaces!
 -> (artifact id: '4c06c8ac0c9ede03293242e482bb36c4') in 0.033005 seconds
Number of updated asset objects reloaded before import = 0
Number of asset objects unloaded after import = 1
========================================================================
Received Import Request.
  Time since last request: 0.000018 seconds.
  path: Assets/Samples/XR Interaction Toolkit/2.5.2/Starter Assets/DemoSceneAssets/Prefabs/Interactables Sample.prefab
  artifactKey: Guid(6821e1b7f44d8c44b8a2ba02f37309d5) Importer(2089858483,0ecaa5967403d082aa24f35e1b516d23)
Start importing Assets/Samples/XR Interaction Toolkit/2.5.2/Starter Assets/DemoSceneAssets/Prefabs/Interactables Sample.prefab using Guid(6821e1b7f44d8c44b8a2ba02f37309d5) Importer(2089858483,0ecaa5967403d082aa24f35e1b516d23) Generated GUIDs only implemented for interfaces!
 -> (artifact id: 'b28b67b57f9ac11cff4bc6e987d38c2a') in 0.083360 seconds
Number of updated asset objects reloaded before import = 0
Number of asset objects unloaded after import = 56
========================================================================
Received Import Request.
  Time since last request: 0.000018 seconds.
  path: Assets/Samples/XR Interaction Toolkit/2.5.2/Starter Assets/DemoSceneAssets/Audio/Button Pop.wav
  artifactKey: Guid(16fba6d30ed741d4a9fdd6e79ee2f3ac) Importer(2089858483,0ecaa5967403d082aa24f35e1b516d23)
Start importing Assets/Samples/XR Interaction Toolkit/2.5.2/Starter Assets/DemoSceneAssets/Audio/Button Pop.wav using Guid(16fba6d30ed741d4a9fdd6e79ee2f3ac) Importer(2089858483,0ecaa5967403d082aa24f35e1b516d23) Generated GUIDs only implemented for interfaces!
 -> (artifact id: '572511b2417d56276d74f9e3241f4138') in 0.133440 seconds
Number of updated asset objects reloaded before import = 0
Number of asset objects unloaded after import = 1
========================================================================
Received Import Request.
  Time since last request: 0.000087 seconds.
  path: Assets/Samples/XR Interaction Toolkit/2.5.2/Starter Assets/DemoSceneAssets/Prefabs/Interactables/Interactable Instant Pyramid.prefab
  artifactKey: Guid(2ed984a58a974166bf92c82a74380454) Importer(2089858483,3d70f49cd1c2eb9ae422958d1c652c6b)
Start importing Assets/Samples/XR Interaction Toolkit/2.5.2/Starter Assets/DemoSceneAssets/Prefabs/Interactables/Interactable Instant Pyramid.prefab using Guid(2ed984a58a974166bf92c82a74380454) Importer(2089858483,3d70f49cd1c2eb9ae422958d1c652c6b) Generated GUIDs only implemented for interfaces!
 -> (artifact id: '4d80b6c09985937ada332ab36dcb1f46') in 0.037723 seconds
Number of updated asset objects reloaded before import = 0
Number of asset objects unloaded after import = 30
========================================================================
Received Import Request.
  Time since last request: 0.000426 seconds.
  path: Assets/Scenes/DroneSim.unity
  artifactKey: Guid(9353d50741eeb41069e90b8c7bedfe5a) Importer(2089858483,3d70f49cd1c2eb9ae422958d1c652c6b)
Start importing Assets/Scenes/DroneSim.unity using Guid(9353d50741eeb41069e90b8c7bedfe5a) Importer(2089858483,3d70f49cd1c2eb9ae422958d1c652c6b) Opening scene 'Assets/Scenes/DroneSim.unity additively'
LightingSettings: switching bake backend from 1 to 2.
Loaded scene 'Assets/Scenes/DroneSim.unity'
	Deserialize:            70.435 ms
	Integration:            2230.787 ms
	Integration of assets:  5.827 ms
	Thread Wait Time:       0.336 ms
	Total Operation Time:   2307.385 ms
Generated GUIDs only implemented for interfaces!
 -> (artifact id: 'a191366dd23ee7e1f8fa8c9d910c2714') in 5.189186 seconds
Number of updated asset objects reloaded before import = 0
Number of asset objects unloaded after import = 43908
========================================================================
Received Prepare
Refreshing native plugins compatible for Editor in 16.66 ms, found 12 plugins.
Preloading 0 native plugins for Editor in 0.00 ms.
Unloading 55 Unused Serialized files (Serialized files now loaded: 0)
Unloading 23 unused Assets / (1.8 MB). Loaded Objects now: 6647.
Memory consumption went from 153.5 MB to 151.7 MB.
Total: 11.780800 ms (FindLiveObjects: 0.443800 ms CreateObjectMapping: 0.381000 ms MarkObjects: 8.207900 ms  DeleteObjects: 2.746700 ms)

Prepare: number of updated asset objects reloaded= 0
AssetImportParameters requested are different than current active one (requested -> active):
  custom:container-demuxer-ogg: 62fdf1f143b41e24485cea50d1cbac27 -> 
  custom:video-decoder-ogg-theora: a1e56fd34408186e4bbccfd4996cb3dc -> 
  custom:framework-win-MediaFoundation: 216162199b28c13a410421893ffa2e32 -> 
  custom:CustomObjectIndexerAttribute: a3ef5dd2817f97addfee359851a9dba5 -> 
  custom:container-demuxer-webm: 4f35f7cbe854078d1ac9338744f61a02 -> 
  custom:container-muxer-webm: aa71ff27fc2769a1b78a27578f13a17b -> 
  custom:video-decoder-webm-vp8: 9c59270c3fd7afecdb556c50c9e8de78 -> 
  custom:SearchIndexIgnoredProperties: e643bd26f0fe6173181afceb89e7c659 -> 
  custom:AudioImporter_EditorPlatform: d09bf68614088b80899f8185d706f6e7 -> 
  custom:video-encoder-webm-vp8: eb34c28f22e8b96e1ab97ce403110664 -> 
  custom:audio-decoder-ogg-vorbis: bf7c407c2cedff20999df2af8eb42d56 -> 
  custom:audio-encoder-webm-vorbis: bf7c407c2cedff20999df2af8eb42d56 -> 
========================================================================
Received Import Request.
  Time since last request: 52.331612 seconds.
  path: Assets/Settings/Very Low_PipelineAsset_ForwardRenderer.asset
  artifactKey: Guid(607242adbd8ce6c45845fd3d6eab0367) Importer(2089858483,0ecaa5967403d082aa24f35e1b516d23)
Start importing Assets/Settings/Very Low_PipelineAsset_ForwardRenderer.asset using Guid(607242adbd8ce6c45845fd3d6eab0367) Importer(2089858483,0ecaa5967403d082aa24f35e1b516d23) Generated GUIDs only implemented for interfaces!
 -> (artifact id: 'cd3e7a2c87b5ce24c201a98a1f1d2f3f') in 0.047394 seconds
Number of updated asset objects reloaded before import = 0
Number of asset objects unloaded after import = 1
========================================================================
Received Import Request.
  Time since last request: 0.000021 seconds.
  path: Assets/3rd-Party/ML-Agents/Examples/Tennis/Materials/NetMat.mat
  artifactKey: Guid(5efa51385ecfb42549467cd60c42821a) Importer(2089858483,0ecaa5967403d082aa24f35e1b516d23)
Start importing Assets/3rd-Party/ML-Agents/Examples/Tennis/Materials/NetMat.mat using Guid(5efa51385ecfb42549467cd60c42821a) Importer(2089858483,0ecaa5967403d082aa24f35e1b516d23) Generated GUIDs only implemented for interfaces!
 -> (artifact id: 'ec74bb03ead7d24d1b801fea341db2c6') in 0.020643 seconds
Number of updated asset objects reloaded before import = 0
Number of asset objects unloaded after import = 1
========================================================================
Received Import Request.
  Time since last request: 0.000019 seconds.
  path: Assets/3rd-Party/ML-Agents/Examples/Soccer/Materials/grass.mat
  artifactKey: Guid(7144653ed2d9349b98e911a7fdb43eef) Importer(2089858483,0ecaa5967403d082aa24f35e1b516d23)
Start importing Assets/3rd-Party/ML-Agents/Examples/Soccer/Materials/grass.mat using Guid(7144653ed2d9349b98e911a7fdb43eef) Importer(2089858483,0ecaa5967403d082aa24f35e1b516d23) Generated GUIDs only implemented for interfaces!
 -> (artifact id: 'c9f5d4e17b7e4ebb2ab13eb7b16fdc97') in 0.010979 seconds
Number of updated asset objects reloaded before import = 0
Number of asset objects unloaded after import = 1
========================================================================
Received Import Request.
  Time since last request: 0.000026 seconds.
  path: Assets/3rd-Party/ML-Agents/Examples/Soccer/Prefabs/SoccerBall/Materials/Black-Ball-Material.mat
  artifactKey: Guid(fb69c479c3cec624b96dfe20d305c1b9) Importer(2089858483,0ecaa5967403d082aa24f35e1b516d23)
Start importing Assets/3rd-Party/ML-Agents/Examples/Soccer/Prefabs/SoccerBall/Materials/Black-Ball-Material.mat using Guid(fb69c479c3cec624b96dfe20d305c1b9) Importer(2089858483,0ecaa5967403d082aa24f35e1b516d23) Generated GUIDs only implemented for interfaces!
 -> (artifact id: 'dad7816e152873f9c4c50b56c4ae5e2a') in 0.012158 seconds
Number of updated asset objects reloaded before import = 0
Number of asset objects unloaded after import = 2
========================================================================
Received Import Request.
  Time since last request: 0.000020 seconds.
  path: Assets/3rd-Party/ML-Agents/Examples/WallJump/Material/spawnVolumeMaterial.mat
  artifactKey: Guid(ecd59def9213741058b969f699d10e8e) Importer(2089858483,0ecaa5967403d082aa24f35e1b516d23)
Start importing Assets/3rd-Party/ML-Agents/Examples/WallJump/Material/spawnVolumeMaterial.mat using Guid(ecd59def9213741058b969f699d10e8e) Importer(2089858483,0ecaa5967403d082aa24f35e1b516d23) Generated GUIDs only implemented for interfaces!
 -> (artifact id: '56f4e179a19f51cb2c4c2abaf87359e1') in 0.018426 seconds
Number of updated asset objects reloaded before import = 0
Number of asset objects unloaded after import = 1
========================================================================
Received Import Request.
  Time since last request: 0.000020 seconds.
  path: Assets/3rd-Party/ML-Agents/Examples/Hallway/Material/Orange.mat
  artifactKey: Guid(fd56382c5d1a049b6a909c184a4c6d42) Importer(2089858483,0ecaa5967403d082aa24f35e1b516d23)
Start importing Assets/3rd-Party/ML-Agents/Examples/Hallway/Material/Orange.mat using Guid(fd56382c5d1a049b6a909c184a4c6d42) Importer(2089858483,0ecaa5967403d082aa24f35e1b516d23) Generated GUIDs only implemented for interfaces!
 -> (artifact id: 'd2dfeec5bef6f861402cfbc5302e7ec0') in 0.012711 seconds
Number of updated asset objects reloaded before import = 0
Number of asset objects unloaded after import = 1
========================================================================
Received Import Request.
  Time since last request: 0.000017 seconds.
  path: Assets/3rd-Party/ML-Agents/Examples/Pyramids/Materials/Brick.mat
  artifactKey: Guid(3061b37049eb04ddfa822f606369919d) Importer(2089858483,0ecaa5967403d082aa24f35e1b516d23)
Start importing Assets/3rd-Party/ML-Agents/Examples/Pyramids/Materials/Brick.mat using Guid(3061b37049eb04ddfa822f606369919d) Importer(2089858483,0ecaa5967403d082aa24f35e1b516d23) Generated GUIDs only implemented for interfaces!
 -> (artifact id: '6dc683aa7b5d44835079dc82f52c40c4') in 0.012139 seconds
Number of updated asset objects reloaded before import = 0
Number of asset objects unloaded after import = 1
========================================================================
Received Import Request.
  Time since last request: 0.000017 seconds.
  path: Assets/3rd-Party/ML-Agents/Examples/SharedAssets/Materials/Ground.mat
  artifactKey: Guid(ea4e6e61f90ae46daaf643b945c080ed) Importer(2089858483,0ecaa5967403d082aa24f35e1b516d23)
Start importing Assets/3rd-Party/ML-Agents/Examples/SharedAssets/Materials/Ground.mat using Guid(ea4e6e61f90ae46daaf643b945c080ed) Importer(2089858483,0ecaa5967403d082aa24f35e1b516d23) Generated GUIDs only implemented for interfaces!
 -> (artifact id: '38cc92604d8ce4efdf207526b1bc2089') in 0.016014 seconds
Number of updated asset objects reloaded before import = 0
Number of asset objects unloaded after import = 1
========================================================================
Received Import Request.
  Time since last request: 0.000023 seconds.
  path: Assets/3rd-Party/ML-Agents/Examples/SharedAssets/Materials/redAgent.mat
  artifactKey: Guid(776dd8b57653342839c3fb5f46ce664e) Importer(2089858483,0ecaa5967403d082aa24f35e1b516d23)
Start importing Assets/3rd-Party/ML-Agents/Examples/SharedAssets/Materials/redAgent.mat using Guid(776dd8b57653342839c3fb5f46ce664e) Importer(2089858483,0ecaa5967403d082aa24f35e1b516d23) Generated GUIDs only implemented for interfaces!
 -> (artifact id: 'be06206f4ef07a08d6c31c5522477f1c') in 0.013788 seconds
Number of updated asset objects reloaded before import = 0
Number of asset objects unloaded after import = 1
========================================================================
Received Import Request.
  Time since last request: 0.000017 seconds.
  path: Assets/3rd-Party/ML-Agents/Examples/BananaCollectors/Materials/red.mat
  artifactKey: Guid(88b9ae7af2c1748a0a1f63407587a601) Importer(2089858483,0ecaa5967403d082aa24f35e1b516d23)
Start importing Assets/3rd-Party/ML-Agents/Examples/BananaCollectors/Materials/red.mat using Guid(88b9ae7af2c1748a0a1f63407587a601) Importer(2089858483,0ecaa5967403d082aa24f35e1b516d23) Generated GUIDs only implemented for interfaces!
 -> (artifact id: '75b2ee5429bb7f09e602ae509cfb9efa') in 0.013836 seconds
Number of updated asset objects reloaded before import = 0
Number of asset objects unloaded after import = 1
========================================================================
Received Import Request.
  Time since last request: 0.000028 seconds.
  path: Assets/3rd-Party/ML-Agents/Examples/Hallway/Scenes/VisualHallwaySettings.lighting
  artifactKey: Guid(8d9228fe288f5af4b9cc3636bbacadb0) Importer(2089858483,0ecaa5967403d082aa24f35e1b516d23)
Start importing Assets/3rd-Party/ML-Agents/Examples/Hallway/Scenes/VisualHallwaySettings.lighting using Guid(8d9228fe288f5af4b9cc3636bbacadb0) Importer(2089858483,0ecaa5967403d082aa24f35e1b516d23) LightingSettings: switching bake backend from 1 to 0.
Generated GUIDs only implemented for interfaces!
 -> (artifact id: 'b9a610170b627ca4bb6a40aae14e6a7e') in 0.016696 seconds
Number of updated asset objects reloaded before import = 0
Number of asset objects unloaded after import = 1
========================================================================
Received Import Request.
  Time since last request: 0.000021 seconds.
  path: Assets/3rd-Party/ML-Agents/Examples/BananaCollectors/Materials/badColor.mat
  artifactKey: Guid(2a6df5f4bffbc431bacfbd2c155375cb) Importer(2089858483,0ecaa5967403d082aa24f35e1b516d23)
Start importing Assets/3rd-Party/ML-Agents/Examples/BananaCollectors/Materials/badColor.mat using Guid(2a6df5f4bffbc431bacfbd2c155375cb) Importer(2089858483,0ecaa5967403d082aa24f35e1b516d23) Generated GUIDs only implemented for interfaces!
 -> (artifact id: '5fb7e0c97626202e795963068cd1ef79') in 0.016939 seconds
Number of updated asset objects reloaded before import = 0
Number of asset objects unloaded after import = 1
========================================================================
Received Import Request.
  Time since last request: 0.000023 seconds.
  path: Assets/Settings/High_PipelineAsset.asset
  artifactKey: Guid(6e39f3a0651094242a452fd3822da160) Importer(2089858483,0ecaa5967403d082aa24f35e1b516d23)
Start importing Assets/Settings/High_PipelineAsset.asset using Guid(6e39f3a0651094242a452fd3822da160) Importer(2089858483,0ecaa5967403d082aa24f35e1b516d23) Generated GUIDs only implemented for interfaces!
 -> (artifact id: '4084fd195a6d2bab641754de01a606a6') in 0.041799 seconds
Number of updated asset objects reloaded before import = 0
Number of asset objects unloaded after import = 2
========================================================================
Received Import Request.
  Time since last request: 0.000025 seconds.
  path: Assets/3rd-Party/ML-Agents/Examples/BananaCollectors/Materials/swatch.mat
  artifactKey: Guid(29857f71905e1484ba5cf296a5749a5f) Importer(2089858483,0ecaa5967403d082aa24f35e1b516d23)
Start importing Assets/3rd-Party/ML-Agents/Examples/BananaCollectors/Materials/swatch.mat using Guid(29857f71905e1484ba5cf296a5749a5f) Importer(2089858483,0ecaa5967403d082aa24f35e1b516d23) Generated GUIDs only implemented for interfaces!
 -> (artifact id: '288f66c1510083152f22c39b2318f30e') in 0.018307 seconds
Number of updated asset objects reloaded before import = 0
Number of asset objects unloaded after import = 2
========================================================================
Received Import Request.
  Time since last request: 0.000032 seconds.
  path: Assets/Settings/Ultra_PipelineAsset_ForwardRenderer.asset
  artifactKey: Guid(fdafbe6d00cfb2c499f8dc0eaabc20ab) Importer(2089858483,0ecaa5967403d082aa24f35e1b516d23)
Start importing Assets/Settings/Ultra_PipelineAsset_ForwardRenderer.asset using Guid(fdafbe6d00cfb2c499f8dc0eaabc20ab) Importer(2089858483,0ecaa5967403d082aa24f35e1b516d23) Generated GUIDs only implemented for interfaces!
 -> (artifact id: '2ec90331bcfa7ad03afbebed5e3d9d7c') in 0.033899 seconds
Number of updated asset objects reloaded before import = 0
Number of asset objects unloaded after import = 1
========================================================================
Received Import Request.
  Time since last request: 0.000027 seconds.
  path: Assets/Settings/Low_PipelineAsset.asset
  artifactKey: Guid(9abc43714596e84429d5b3005bbf2843) Importer(2089858483,0ecaa5967403d082aa24f35e1b516d23)
Start importing Assets/Settings/Low_PipelineAsset.asset using Guid(9abc43714596e84429d5b3005bbf2843) Importer(2089858483,0ecaa5967403d082aa24f35e1b516d23) Generated GUIDs only implemented for interfaces!
 -> (artifact id: 'da7fbec6a4147d305c54d7f10d245fac') in 0.023296 seconds
Number of updated asset objects reloaded before import = 0
Number of asset objects unloaded after import = 2
========================================================================
Received Import Request.
  Time since last request: 0.000024 seconds.
  path: Assets/Samples/XR Interaction Toolkit/2.5.2/Starter Assets/DemoSceneAssets/Prefabs/UI/Dropdown.prefab
  artifactKey: Guid(870459f1cb8d7b7428337cc5935feb67) Importer(2089858483,0ecaa5967403d082aa24f35e1b516d23)
Start importing Assets/Samples/XR Interaction Toolkit/2.5.2/Starter Assets/DemoSceneAssets/Prefabs/UI/Dropdown.prefab using Guid(870459f1cb8d7b7428337cc5935feb67) Importer(2089858483,0ecaa5967403d082aa24f35e1b516d23) Generated GUIDs only implemented for interfaces!
 -> (artifact id: '5d7d544d74ac95b7176373fce94963f8') in 0.042541 seconds
Number of updated asset objects reloaded before import = 0
Number of asset objects unloaded after import = 61
========================================================================
Received Import Request.
  Time since last request: 0.000034 seconds.
  path: Assets/3rd-Party/ML-Agents/Examples/SharedAssets/Materials/FailGround.mat
  artifactKey: Guid(882d882b99bce44c6863ec8d3760e9ca) Importer(2089858483,0ecaa5967403d082aa24f35e1b516d23)
Start importing Assets/3rd-Party/ML-Agents/Examples/SharedAssets/Materials/FailGround.mat using Guid(882d882b99bce44c6863ec8d3760e9ca) Importer(2089858483,0ecaa5967403d082aa24f35e1b516d23) Generated GUIDs only implemented for interfaces!
 -> (artifact id: '03371ebc44690964cec1c10b5af5dd59') in 0.014940 seconds
Number of updated asset objects reloaded before import = 0
Number of asset objects unloaded after import = 1
========================================================================
Received Import Request.
  Time since last request: 0.000040 seconds.
  path: Assets/Settings/Very High_PipelineAsset_ForwardRenderer.asset
  artifactKey: Guid(a19aec502df343d4ca64e3c3717228e7) Importer(2089858483,0ecaa5967403d082aa24f35e1b516d23)
Start importing Assets/Settings/Very High_PipelineAsset_ForwardRenderer.asset using Guid(a19aec502df343d4ca64e3c3717228e7) Importer(2089858483,0ecaa5967403d082aa24f35e1b516d23) Generated GUIDs only implemented for interfaces!
 -> (artifact id: 'ae33b696f9b9df2ca77f336cabb746d6') in 0.023084 seconds
Number of updated asset objects reloaded before import = 0
Number of asset objects unloaded after import = 1
========================================================================
Received Import Request.
  Time since last request: 0.000031 seconds.
  path: Assets/3rd-Party/ML-Agents/Examples/SharedAssets/Materials/agent.mat
  artifactKey: Guid(260483cdfc6b14e26823a02f23bd8baa) Importer(2089858483,0ecaa5967403d082aa24f35e1b516d23)
Start importing Assets/3rd-Party/ML-Agents/Examples/SharedAssets/Materials/agent.mat using Guid(260483cdfc6b14e26823a02f23bd8baa) Importer(2089858483,0ecaa5967403d082aa24f35e1b516d23) Generated GUIDs only implemented for interfaces!
 -> (artifact id: '828f57eb71d745f29f78013bf1192a44') in 0.013661 seconds
Number of updated asset objects reloaded before import = 0
Number of asset objects unloaded after import = 1
========================================================================
Received Import Request.
  Time since last request: 0.000029 seconds.
  path: Assets/Settings/Very High_PipelineAsset.asset
  artifactKey: Guid(0f3f1830d59b3954f80d7c2f2b697e6f) Importer(2089858483,0ecaa5967403d082aa24f35e1b516d23)
Start importing Assets/Settings/Very High_PipelineAsset.asset using Guid(0f3f1830d59b3954f80d7c2f2b697e6f) Importer(2089858483,0ecaa5967403d082aa24f35e1b516d23) Generated GUIDs only implemented for interfaces!
 -> (artifact id: '9c78757decde5a030cea45e837092a31') in 0.022872 seconds
Number of updated asset objects reloaded before import = 0
Number of asset objects unloaded after import = 2
========================================================================
Received Import Request.
  Time since last request: 0.000035 seconds.
  path: Assets/3rd-Party/ML-Agents/Examples/Soccer/Materials/redGoal.mat
  artifactKey: Guid(6cac5d0b9689c45b8809b67eb2c95f86) Importer(2089858483,0ecaa5967403d082aa24f35e1b516d23)
Start importing Assets/3rd-Party/ML-Agents/Examples/Soccer/Materials/redGoal.mat using Guid(6cac5d0b9689c45b8809b67eb2c95f86) Importer(2089858483,0ecaa5967403d082aa24f35e1b516d23) Generated GUIDs only implemented for interfaces!
 -> (artifact id: '2c11745c4ddef1d820bff78392a8929f') in 0.017247 seconds
Number of updated asset objects reloaded before import = 0
Number of asset objects unloaded after import = 1
========================================================================
Received Import Request.
  Time since last request: 0.000042 seconds.
  path: Assets/3rd-Party/ML-Agents/Examples/Walker/Scenes/Walker.unity
  artifactKey: Guid(36160dc1faf384eaa9a65a73f6942ce3) Importer(2089858483,0ecaa5967403d082aa24f35e1b516d23)
Start importing Assets/3rd-Party/ML-Agents/Examples/Walker/Scenes/Walker.unity using Guid(36160dc1faf384eaa9a65a73f6942ce3) Importer(2089858483,0ecaa5967403d082aa24f35e1b516d23) Generated GUIDs only implemented for interfaces!
 -> (artifact id: '1b91670e4db5c868501338a7b2371de9') in 0.013624 seconds
Number of updated asset objects reloaded before import = 0
Number of asset objects unloaded after import = 1
========================================================================
Received Import Request.
  Time since last request: 0.000023 seconds.
  path: Assets/3rd-Party/ML-Agents/Examples/Soccer/Materials/blueGoal.mat
  artifactKey: Guid(4df2264df8daf450d82b3584d732c8aa) Importer(2089858483,0ecaa5967403d082aa24f35e1b516d23)
Start importing Assets/3rd-Party/ML-Agents/Examples/Soccer/Materials/blueGoal.mat using Guid(4df2264df8daf450d82b3584d732c8aa) Importer(2089858483,0ecaa5967403d082aa24f35e1b516d23) Generated GUIDs only implemented for interfaces!
 -> (artifact id: 'a9a77bff66d16c5fce0d85f7c4d631df') in 0.016550 seconds
Number of updated asset objects reloaded before import = 0
Number of asset objects unloaded after import = 1
========================================================================
Received Import Request.
  Time since last request: 0.000034 seconds.
  path: Assets/3rd-Party/ML-Agents/Examples/GridWorld/Materials/pitMaterial.mat
  artifactKey: Guid(3f75d575578054ad1a9c93db6072ecd0) Importer(2089858483,0ecaa5967403d082aa24f35e1b516d23)
Start importing Assets/3rd-Party/ML-Agents/Examples/GridWorld/Materials/pitMaterial.mat using Guid(3f75d575578054ad1a9c93db6072ecd0) Importer(2089858483,0ecaa5967403d082aa24f35e1b516d23) Generated GUIDs only implemented for interfaces!
 -> (artifact id: 'b28eb715af807e49aacf5c0ccfffca15') in 0.015595 seconds
Number of updated asset objects reloaded before import = 0
Number of asset objects unloaded after import = 1
========================================================================
Received Import Request.
  Time since last request: 0.000029 seconds.
  path: Assets/3rd-Party/ML-Agents/Examples/Hallway/Material/Goal.mat
  artifactKey: Guid(93a457da2f20a4fbcaf3de26743bcd08) Importer(2089858483,0ecaa5967403d082aa24f35e1b516d23)
Start importing Assets/3rd-Party/ML-Agents/Examples/Hallway/Material/Goal.mat using Guid(93a457da2f20a4fbcaf3de26743bcd08) Importer(2089858483,0ecaa5967403d082aa24f35e1b516d23) Generated GUIDs only implemented for interfaces!
 -> (artifact id: '2ce91431459ca44897d4a50887f1aaff') in 0.013824 seconds
Number of updated asset objects reloaded before import = 0
Number of asset objects unloaded after import = 1
========================================================================
Received Import Request.
  Time since last request: 0.258362 seconds.
  path: Assets/3rd-Party/ML-Agents/Examples/BananaCollectors/Scenes/BananaSettings.lighting
  artifactKey: Guid(437db3fba48face47b0c762295983611) Importer(2089858483,0ecaa5967403d082aa24f35e1b516d23)
Start importing Assets/3rd-Party/ML-Agents/Examples/BananaCollectors/Scenes/BananaSettings.lighting using Guid(437db3fba48face47b0c762295983611) Importer(2089858483,0ecaa5967403d082aa24f35e1b516d23) LightingSettings: switching bake backend from 1 to 0.
Generated GUIDs only implemented for interfaces!
 -> (artifact id: 'e9e49f134b87c85e12f5efbb274a8721') in 0.019405 seconds
Number of updated asset objects reloaded before import = 0
Number of asset objects unloaded after import = 1
========================================================================
Received Import Request.
  Time since last request: 9.980559 seconds.
  path: Assets/Samples/XR Interaction Toolkit/2.5.2/Starter Assets/DemoSceneAssets/Prefabs/UI/Text Toggle.prefab
  artifactKey: Guid(6a448845c7017044e8a9f3d711cfe825) Importer(2089858483,0ecaa5967403d082aa24f35e1b516d23)
Start importing Assets/Samples/XR Interaction Toolkit/2.5.2/Starter Assets/DemoSceneAssets/Prefabs/UI/Text Toggle.prefab using Guid(6a448845c7017044e8a9f3d711cfe825) Importer(2089858483,0ecaa5967403d082aa24f35e1b516d23) Generated GUIDs only implemented for interfaces!
 -> (artifact id: '79c6269800bb59763144c60f1937d24a') in 0.017457 seconds
Number of updated asset objects reloaded before import = 1
Number of asset objects unloaded after import = 28
========================================================================
Received Import Request.
  Time since last request: 0.000018 seconds.
  path: Assets/Prefabs/DroneBase.prefab
  artifactKey: Guid(5a89d41f6e83a4c16afdd020cf47e4dc) Importer(2089858483,0ecaa5967403d082aa24f35e1b516d23)
Start importing Assets/Prefabs/DroneBase.prefab using Guid(5a89d41f6e83a4c16afdd020cf47e4dc) Importer(2089858483,0ecaa5967403d082aa24f35e1b516d23) Generated GUIDs only implemented for interfaces!
 -> (artifact id: 'e307de5102e0228dfd35544d58aed034') in 0.014748 seconds
Number of updated asset objects reloaded before import = 0
Number of asset objects unloaded after import = 101
========================================================================
Received Import Request.
  Time since last request: 0.000017 seconds.
  path: Assets/3rd-Party/ML-Agents/Examples/PushBlock/Scenes/PushBlockIL.unity
  artifactKey: Guid(1bd7313e03fda420b90b4fcf2fc380f0) Importer(2089858483,0ecaa5967403d082aa24f35e1b516d23)
Start importing Assets/3rd-Party/ML-Agents/Examples/PushBlock/Scenes/PushBlockIL.unity using Guid(1bd7313e03fda420b90b4fcf2fc380f0) Importer(2089858483,0ecaa5967403d082aa24f35e1b516d23) Generated GUIDs only implemented for interfaces!
 -> (artifact id: '07445c21ed88202007cf278436f04bd9') in 0.010146 seconds
Number of updated asset objects reloaded before import = 0
Number of asset objects unloaded after import = 1
========================================================================
Received Import Request.
  Time since last request: 0.000016 seconds.
  path: Assets/3rd-Party/ML-Agents/Examples/PushBlock/Scenes/PushBlock.unity
  artifactKey: Guid(ae8cc75939e3e4d07a79c8c6a08b54f4) Importer(2089858483,0ecaa5967403d082aa24f35e1b516d23)
Start importing Assets/3rd-Party/ML-Agents/Examples/PushBlock/Scenes/PushBlock.unity using Guid(ae8cc75939e3e4d07a79c8c6a08b54f4) Importer(2089858483,0ecaa5967403d082aa24f35e1b516d23) Generated GUIDs only implemented for interfaces!
 -> (artifact id: '693342d7d2be94da6ec9b84cae23a636') in 0.011733 seconds
Number of updated asset objects reloaded before import = 0
Number of asset objects unloaded after import = 1
========================================================================
Received Import Request.
  Time since last request: 0.000028 seconds.
  path: Assets/3rd-Party/ML-Agents/Examples/WallJump/Scenes/WallJumpSettings.lighting
  artifactKey: Guid(8e3c1965b25d88841ab1285ecb93bfa1) Importer(2089858483,0ecaa5967403d082aa24f35e1b516d23)
Start importing Assets/3rd-Party/ML-Agents/Examples/WallJump/Scenes/WallJumpSettings.lighting using Guid(8e3c1965b25d88841ab1285ecb93bfa1) Importer(2089858483,0ecaa5967403d082aa24f35e1b516d23) LightingSettings: switching bake backend from 1 to 0.
Generated GUIDs only implemented for interfaces!
 -> (artifact id: 'd00dbb301af89b6b496bd012895ed6b2') in 0.013689 seconds
Number of updated asset objects reloaded before import = 0
Number of asset objects unloaded after import = 1
========================================================================
Received Import Request.
  Time since last request: 0.000026 seconds.
  path: Assets/3rd-Party/ML-Agents/Examples/PushBlock/Prefabs/PushBlockArea.prefab
  artifactKey: Guid(03bcc81e249714a22bb411dddcc5d15e) Importer(2089858483,0ecaa5967403d082aa24f35e1b516d23)
Start importing Assets/3rd-Party/ML-Agents/Examples/PushBlock/Prefabs/PushBlockArea.prefab using Guid(03bcc81e249714a22bb411dddcc5d15e) Importer(2089858483,0ecaa5967403d082aa24f35e1b516d23) Generated GUIDs only implemented for interfaces!
 -> (artifact id: '4ab654fa35dc7fbdbd2dfd505040b9cf') in 0.011289 seconds
Number of updated asset objects reloaded before import = 0
Number of asset objects unloaded after import = 56
========================================================================
Received Import Request.
  Time since last request: 0.000020 seconds.
  path: Assets/3rd-Party/ML-Agents/Examples/PushBlock/Scenes/VisualPushBlock.unity
  artifactKey: Guid(7a4fa83df52e84d36bef11bfee2aa16d) Importer(2089858483,0ecaa5967403d082aa24f35e1b516d23)
Start importing Assets/3rd-Party/ML-Agents/Examples/PushBlock/Scenes/VisualPushBlock.unity using Guid(7a4fa83df52e84d36bef11bfee2aa16d) Importer(2089858483,0ecaa5967403d082aa24f35e1b516d23) Generated GUIDs only implemented for interfaces!
 -> (artifact id: '5f18d5d1d7b1a7629f5c886f1c844ed2') in 0.009655 seconds
Number of updated asset objects reloaded before import = 0
Number of asset objects unloaded after import = 1
========================================================================
Received Import Request.
  Time since last request: 0.000016 seconds.
  path: Assets/3rd-Party/ML-Agents/Examples/Walker/Prefabs/WalkerAgent.prefab
  artifactKey: Guid(9120364e4b4bd4e8394bf3b22fbc87db) Importer(2089858483,0ecaa5967403d082aa24f35e1b516d23)
Start importing Assets/3rd-Party/ML-Agents/Examples/Walker/Prefabs/WalkerAgent.prefab using Guid(9120364e4b4bd4e8394bf3b22fbc87db) Importer(2089858483,0ecaa5967403d082aa24f35e1b516d23) Generated GUIDs only implemented for interfaces!
 -> (artifact id: '37f8638ecb2ad8a9d7983afbc7be64dd') in 0.015658 seconds
Number of updated asset objects reloaded before import = 0
Number of asset objects unloaded after import = 173
========================================================================
Received Import Request.
  Time since last request: 16.832892 seconds.
  path: Assets/3rd-Party/ML-Agents/Examples/3DBall/Materials/Text.mat
  artifactKey: Guid(58e2b2715aaee4686a912897f823f8f5) Importer(815301076,1909f56bfc062723c751e8b465ee728b)
Start importing Assets/3rd-Party/ML-Agents/Examples/3DBall/Materials/Text.mat using Guid(58e2b2715aaee4686a912897f823f8f5) Importer(815301076,1909f56bfc062723c751e8b465ee728b)  -> (artifact id: 'fdb8ea084117e3c7a460b0b80a3f11a3') in 0.162180 seconds
Number of updated asset objects reloaded before import = 0
Number of asset objects unloaded after import = 2
========================================================================
Received Import Request.
  Time since last request: 1.763073 seconds.
  path: Assets/3rd-Party/ML-Agents/Examples/SharedAssets/Materials/gridTextureWhite.psd
  artifactKey: Guid(9f297c7b7df5644da8b28a9b44692230) Importer(815301076,1909f56bfc062723c751e8b465ee728b)
Start importing Assets/3rd-Party/ML-Agents/Examples/SharedAssets/Materials/gridTextureWhite.psd using Guid(9f297c7b7df5644da8b28a9b44692230) Importer(815301076,1909f56bfc062723c751e8b465ee728b)  -> (artifact id: 'fe5435e4d18d7a66505fdc7e6e84d1c3') in 0.017341 seconds
Number of updated asset objects reloaded before import = 0
Number of asset objects unloaded after import = 2
========================================================================
Received Import Request.
  Time since last request: 0.000016 seconds.
  path: Assets/3rd-Party/ML-Agents/Examples/SharedAssets/Materials/SuccessGround.mat
  artifactKey: Guid(80ffa2c5b96364e4b80fbb2e42b0af3d) Importer(815301076,1909f56bfc062723c751e8b465ee728b)
Start importing Assets/3rd-Party/ML-Agents/Examples/SharedAssets/Materials/SuccessGround.mat using Guid(80ffa2c5b96364e4b80fbb2e42b0af3d) Importer(815301076,1909f56bfc062723c751e8b465ee728b)  -> (artifact id: '719641533f600ef8d736d9eeb7e75a60') in 0.521582 seconds
Number of updated asset objects reloaded before import = 0
Number of asset objects unloaded after import = 2
========================================================================
Received Import Request.
  Time since last request: 0.000019 seconds.
  path: Assets/3rd-Party/ML-Agents/Examples/SharedAssets/Materials/White.mat
  artifactKey: Guid(d633725e980bb4ac5b0dd309bad3702f) Importer(815301076,1909f56bfc062723c751e8b465ee728b)
Start importing Assets/3rd-Party/ML-Agents/Examples/SharedAssets/Materials/White.mat using Guid(d633725e980bb4ac5b0dd309bad3702f) Importer(815301076,1909f56bfc062723c751e8b465ee728b)  -> (artifact id: '989d2a250f210dc37c0adcf45903b614') in 0.438216 seconds
Number of updated asset objects reloaded before import = 0
Number of asset objects unloaded after import = 2
========================================================================
Received Import Request.
  Time since last request: 0.146044 seconds.
  path: Assets/Samples/XR Interaction Toolkit/2.5.2/Starter Assets/Tunneling Vignette/TunnelingVignette.mat
  artifactKey: Guid(0a35b7e20f75a8540a2c14b9555078cb) Importer(815301076,1909f56bfc062723c751e8b465ee728b)
Start importing Assets/Samples/XR Interaction Toolkit/2.5.2/Starter Assets/Tunneling Vignette/TunnelingVignette.mat using Guid(0a35b7e20f75a8540a2c14b9555078cb) Importer(815301076,1909f56bfc062723c751e8b465ee728b)  -> (artifact id: '0160327d4e4f8a7464c4b3acca0ff81e') in 0.012584 seconds
Number of updated asset objects reloaded before import = 0
Number of asset objects unloaded after import = 2
========================================================================
Received Import Request.
  Time since last request: 24.530453 seconds.
  path: Assets/Samples/XR Interaction Toolkit/2.5.2/Starter Assets/XRI Default Input Actions.inputactions
  artifactKey: Guid(c348712bda248c246b8c49b3db54643f) Importer(815301076,1909f56bfc062723c751e8b465ee728b)
Start importing Assets/Samples/XR Interaction Toolkit/2.5.2/Starter Assets/XRI Default Input Actions.inputactions using Guid(c348712bda248c246b8c49b3db54643f) Importer(815301076,1909f56bfc062723c751e8b465ee728b)  -> (artifact id: 'c884606004e2faad87fd8133cb0ec360') in 0.018187 seconds
Number of updated asset objects reloaded before import = 0
Number of asset objects unloaded after import = 90
========================================================================
Received Import Request.
  Time since last request: 2.759447 seconds.
  path: Assets/Samples/XR Interaction Toolkit/2.5.2/Starter Assets/Prefabs/XR Origin (XR Rig).prefab
  artifactKey: Guid(f6336ac4ac8b4d34bc5072418cdc62a0) Importer(815301076,1909f56bfc062723c751e8b465ee728b)
Start importing Assets/Samples/XR Interaction Toolkit/2.5.2/Starter Assets/Prefabs/XR Origin (XR Rig).prefab using Guid(f6336ac4ac8b4d34bc5072418cdc62a0) Importer(815301076,1909f56bfc062723c751e8b465ee728b)  -> (artifact id: '83845b6bfe7064a1b5012b049c24ba01') in 0.466693 seconds
Number of updated asset objects reloaded before import = 0
Number of asset objects unloaded after import = 460
========================================================================
Received Import Request.
  Time since last request: 21.413901 seconds.
  path: Assets/Samples/XR Interaction Toolkit/2.5.2/Starter Assets/Prefabs/Teleport/Directional Teleport Reticle.prefab
  artifactKey: Guid(893219773891c784ab469a39151879b4) Importer(815301076,1909f56bfc062723c751e8b465ee728b)
Start importing Assets/Samples/XR Interaction Toolkit/2.5.2/Starter Assets/Prefabs/Teleport/Directional Teleport Reticle.prefab using Guid(893219773891c784ab469a39151879b4) Importer(815301076,1909f56bfc062723c751e8b465ee728b)  -> (artifact id: 'dfc871dbd22d38ef1c5d22790710cf21') in 0.016388 seconds
Number of updated asset objects reloaded before import = 0
Number of asset objects unloaded after import = 29
========================================================================
Received Import Request.
  Time since last request: 0.677925 seconds.
  path: Assets/Samples/XR Interaction Toolkit/2.5.2/Starter Assets/Prefabs/Interactors/Gaze Interactor.prefab
  artifactKey: Guid(b84cd05e1160fe34cab2585022c8cd99) Importer(815301076,1909f56bfc062723c751e8b465ee728b)
Start importing Assets/Samples/XR Interaction Toolkit/2.5.2/Starter Assets/Prefabs/Interactors/Gaze Interactor.prefab using Guid(b84cd05e1160fe34cab2585022c8cd99) Importer(815301076,1909f56bfc062723c751e8b465ee728b)  -> (artifact id: '808609be204519f8a12375025240afa9') in 0.004072 seconds
Number of updated asset objects reloaded before import = 0
Number of asset objects unloaded after import = 12
========================================================================
Received Import Request.
  Time since last request: 1.550041 seconds.
  path: Assets/Samples/XR Interaction Toolkit/2.5.2/Starter Assets/Prefabs/Controllers/XR Controller Right.prefab
  artifactKey: Guid(9f3369e30fbd31f4bb596b1a99babe83) Importer(815301076,1909f56bfc062723c751e8b465ee728b)
Start importing Assets/Samples/XR Interaction Toolkit/2.5.2/Starter Assets/Prefabs/Controllers/XR Controller Right.prefab using Guid(9f3369e30fbd31f4bb596b1a99babe83) Importer(815301076,1909f56bfc062723c751e8b465ee728b)  -> (artifact id: '445cfd4e602885fa5a7a391a615fb9eb') in 0.016197 seconds
Number of updated asset objects reloaded before import = 0
Number of asset objects unloaded after import = 94
========================================================================
Received Import Request.
  Time since last request: 333.642983 seconds.
  path: Assets/3rd-Party/ML-Agents/Examples/SharedAssets/Materials/groundGreen.mat
  artifactKey: Guid(cca885103c98844ffb5fdbf5b869f2b1) Importer(2089858483,0ecaa5967403d082aa24f35e1b516d23)
Start importing Assets/3rd-Party/ML-Agents/Examples/SharedAssets/Materials/groundGreen.mat using Guid(cca885103c98844ffb5fdbf5b869f2b1) Importer(2089858483,0ecaa5967403d082aa24f35e1b516d23) Generated GUIDs only implemented for interfaces!
 -> (artifact id: '5204e43767d10d8e8b503202f519cf2f') in 0.012112 seconds
Number of updated asset objects reloaded before import = 0
Number of asset objects unloaded after import = 1
========================================================================
Received Import Request.
  Time since last request: 402.249975 seconds.
  path: Assets/urp_asset.asset
  artifactKey: Guid(ce51d790c72c56a47a73d5d3c6a76e3a) Importer(815301076,1909f56bfc062723c751e8b465ee728b)
Start importing Assets/urp_asset.asset using Guid(ce51d790c72c56a47a73d5d3c6a76e3a) Importer(815301076,1909f56bfc062723c751e8b465ee728b)  -> (artifact id: 'fa9d5031c039624024934baa7e07a1b6') in 0.004054 seconds
Number of updated asset objects reloaded before import = 0
Number of asset objects unloaded after import = 2
========================================================================
Received Import Request.
  Time since last request: 0.000025 seconds.
  path: Assets/urp_global.asset
  artifactKey: Guid(06882b1edb478214b8dd229d1f16a3a4) Importer(815301076,1909f56bfc062723c751e8b465ee728b)
Start importing Assets/urp_global.asset using Guid(06882b1edb478214b8dd229d1f16a3a4) Importer(815301076,1909f56bfc062723c751e8b465ee728b)  -> (artifact id: '696397a0ab047b81ce2891deceb1904b') in 0.000920 seconds
Number of updated asset objects reloaded before import = 0
Number of asset objects unloaded after import = 1
========================================================================
Received Import Request.
  Time since last request: 196.441154 seconds.
  path: Assets/Samples/XR Interaction Toolkit/2.5.2/Starter Assets/Presets/XRI Default Continuous Turn.preset
  artifactKey: Guid(0caad3af14f9a414dbdf25ed41e5aa47) Importer(815301076,1909f56bfc062723c751e8b465ee728b)
Start importing Assets/Samples/XR Interaction Toolkit/2.5.2/Starter Assets/Presets/XRI Default Continuous Turn.preset using Guid(0caad3af14f9a414dbdf25ed41e5aa47) Importer(815301076,1909f56bfc062723c751e8b465ee728b)  -> (artifact id: '4c470f2ebb0e0b2bcd5dfa8526346d40') in 0.005249 seconds
Number of updated asset objects reloaded before import = 0
Number of asset objects unloaded after import = 4
========================================================================
Received Import Request.
  Time since last request: 0.001259 seconds.
  path: Assets/Samples/XR Interaction Toolkit/2.5.2/Starter Assets/Presets/XRI Default Left Controller.preset
  artifactKey: Guid(ffd8268f7307a0c48a067dad4a8fe060) Importer(815301076,1909f56bfc062723c751e8b465ee728b)
Start importing Assets/Samples/XR Interaction Toolkit/2.5.2/Starter Assets/Presets/XRI Default Left Controller.preset using Guid(ffd8268f7307a0c48a067dad4a8fe060) Importer(815301076,1909f56bfc062723c751e8b465ee728b)  -> (artifact id: '316a2b8cf9a322903e0887fad8f8a03d') in 0.005855 seconds
Number of updated asset objects reloaded before import = 0
Number of asset objects unloaded after import = 19
========================================================================
Received Import Request.
  Time since last request: 0.000015 seconds.
  path: Assets/Samples/XR Interaction Toolkit/2.5.2/Starter Assets/Presets/XRI Default Right Grab Move.preset
  artifactKey: Guid(fdc4f514b7b1e9c4eb39713ad9dd4eba) Importer(815301076,1909f56bfc062723c751e8b465ee728b)
Start importing Assets/Samples/XR Interaction Toolkit/2.5.2/Starter Assets/Presets/XRI Default Right Grab Move.preset using Guid(fdc4f514b7b1e9c4eb39713ad9dd4eba) Importer(815301076,1909f56bfc062723c751e8b465ee728b)  -> (artifact id: '6f77de2c58c80df78c5e6e0d1157ada9') in 0.003722 seconds
Number of updated asset objects reloaded before import = 0
Number of asset objects unloaded after import = 3
========================================================================
Received Import Request.
  Time since last request: 0.000018 seconds.
  path: Assets/Samples/XR Interaction Toolkit/2.5.2/Starter Assets/Presets/XRI Default Right Controller.preset
  artifactKey: Guid(1421ad86ff3787b4dae70fe9e699a25f) Importer(815301076,1909f56bfc062723c751e8b465ee728b)
Start importing Assets/Samples/XR Interaction Toolkit/2.5.2/Starter Assets/Presets/XRI Default Right Controller.preset using Guid(1421ad86ff3787b4dae70fe9e699a25f) Importer(815301076,1909f56bfc062723c751e8b465ee728b)  -> (artifact id: '93f7344bd751f35015740e9aca6d63cc') in 0.005704 seconds
Number of updated asset objects reloaded before import = 0
Number of asset objects unloaded after import = 19
========================================================================
Received Import Request.
  Time since last request: 0.000017 seconds.
  path: Assets/Samples/XR Interaction Toolkit/2.5.2/Starter Assets/Presets/XRI Default XR UI Input Module.preset
  artifactKey: Guid(2c3e7ff9ab352b74da862a5a8779b276) Importer(815301076,1909f56bfc062723c751e8b465ee728b)
Start importing Assets/Samples/XR Interaction Toolkit/2.5.2/Starter Assets/Presets/XRI Default XR UI Input Module.preset using Guid(2c3e7ff9ab352b74da862a5a8779b276) Importer(815301076,1909f56bfc062723c751e8b465ee728b)  -> (artifact id: '2c632be3ba0f2e81dbf5c9c673c30542') in 0.006154 seconds
Number of updated asset objects reloaded before import = 0
Number of asset objects unloaded after import = 10
========================================================================
Received Import Request.
  Time since last request: 0.000017 seconds.
  path: Assets/Samples/XR Interaction Toolkit/2.5.2/Starter Assets/Presets/XRI Default Left ActionBasedControllerManager.preset
  artifactKey: Guid(c3d4ecc12d5e0f14c93fd734af32ab63) Importer(815301076,1909f56bfc062723c751e8b465ee728b)
Start importing Assets/Samples/XR Interaction Toolkit/2.5.2/Starter Assets/Presets/XRI Default Left ActionBasedControllerManager.preset using Guid(c3d4ecc12d5e0f14c93fd734af32ab63) Importer(815301076,1909f56bfc062723c751e8b465ee728b)  -> (artifact id: '6546efb2b4586ec2432454fe74a24144') in 0.003381 seconds
Number of updated asset objects reloaded before import = 0
Number of asset objects unloaded after import = 8
Editor requested this worker to shutdown with reason: Scaling down because of idle timeout
TcpMessagingSession - receive error: operation aborted. errorcode: 995, details: The I/O operation has been aborted because of either a thread exit or an application request.
AssetImportWorker is now disconnected from the server
Process exiting
Exiting without the bug reporter. Application will terminate with return code 0